<?xml version="1.0" encoding="UTF-8"?>
<!-- Generated by org.testng.reporters.JUnitXMLReporter -->
<testsuite ignored="61" hostname="SSSLT24" failures="1" tests="4" name=" CGI Parallel test(failed)" time="138.046" errors="0" timestamp="2023-04-19T18:43:59 IST">
  <testcase classname="org.test.CustomerListSetup" name="TC42" time="19.49"/>
  <testcase classname="org.test.CustomerListSetup" name="TC16" time="15.237"/>
  <testcase classname="org.test.CustomerListSetup" name="TC48" time="62.894"/>
  <testcase classname="org.test.CustomerSetup" name="TC07" time="11.277">
    <failure type="org.openqa.selenium.ElementClickInterceptedException" message="element click intercepted: Element &amp;lt;a onclick=&amp;quot;fnProcesspartssave();&amp;quot; id=&amp;quot;ContentPlaceHolder1_btnlnkSave&amp;quot; tabindex=&amp;quot;5&amp;quot; title=&amp;quot;Click here to Upload&amp;quot; class=&amp;quot;btn btn-primary btn-sm&amp;quot; href=&amp;quot;javascript:__doPostBack(&amp;apos;ctl00$ContentPlaceHolder1$btnlnkSave&amp;apos;,&amp;apos;&amp;apos;)&amp;quot;&amp;gt;...&amp;lt;/a&amp;gt; is not clickable at point (781, 332). Other element would receive the click: &amp;lt;input type=&amp;quot;file&amp;quot; name=&amp;quot;ctl00$ContentPlaceHolder1$FUAttQuo&amp;quot; id=&amp;quot;ContentPlaceHolder1_FUAttQuo&amp;quot; tabindex=&amp;quot;3&amp;quot; title=&amp;quot;Drop files here or click to upload.&amp;quot; class=&amp;quot;display d-lg-block&amp;quot; accept=&amp;quot;.csv,.xls,.xlsx&amp;quot; onchange=&amp;quot;FileDetailsTaskCard()&amp;quot; style=&amp;quot;width: 100%; height:100px;cursor:pointer&amp;quot;&amp;gt;
  (Session info: chrome=112.0.5615.121)
Build info: version: &amp;apos;3.141.59&amp;apos;, revision: &amp;apos;e82be7d358&amp;apos;, time: &amp;apos;2018-11-14T08:25:53&amp;apos;
System info: host: &amp;apos;SSSLT24&amp;apos;, ip: &amp;apos;192.168.1.92&amp;apos;, os.name: &amp;apos;Windows 11&amp;apos;, os.arch: &amp;apos;amd64&amp;apos;, os.version: &amp;apos;10.0&amp;apos;, java.version: &amp;apos;19.0.2&amp;apos;
Driver info: org.openqa.selenium.chrome.ChromeDriver
Capabilities {acceptInsecureCerts: false, browserName: chrome, browserVersion: 112.0.5615.121, chrome: {chromedriverVersion: 112.0.5615.49 (bd2a7bcb881c..., userDataDir: C:\Program Files (x86)\scop...}, goog:chromeOptions: {debuggerAddress: localhost:55587}, javascriptEnabled: true, networkConnectionEnabled: false, pageLoadStrategy: normal, platform: WINDOWS, platformName: WINDOWS, proxy: Proxy(), setWindowRect: true, strictFileInteractability: false, timeouts: {implicit: 0, pageLoad: 300000, script: 30000}, unhandledPromptBehavior: dismiss and notify, webauthn:extension:credBlob: true, webauthn:extension:largeBlob: true, webauthn:extension:minPinLength: true, webauthn:extension:prf: true, webauthn:virtualAuthenticators: true}
Session ID: baa7534816bc5511013902cff1d49204">
      <![CDATA[org.openqa.selenium.ElementClickInterceptedException: element click intercepted: Element <a onclick="fnProcesspartssave();" id="ContentPlaceHolder1_btnlnkSave" tabindex="5" title="Click here to Upload" class="btn btn-primary btn-sm" href="javascript:__doPostBack('ctl00$ContentPlaceHolder1$btnlnkSave','')">...</a> is not clickable at point (781, 332). Other element would receive the click: <input type="file" name="ctl00$ContentPlaceHolder1$FUAttQuo" id="ContentPlaceHolder1_FUAttQuo" tabindex="3" title="Drop files here or click to upload." class="display d-lg-block" accept=".csv,.xls,.xlsx" onchange="FileDetailsTaskCard()" style="width: 100%; height:100px;cursor:pointer">
  (Session info: chrome=112.0.5615.121)
Build info: version: '3.141.59', revision: 'e82be7d358', time: '2018-11-14T08:25:53'
System info: host: 'SSSLT24', ip: '192.168.1.92', os.name: 'Windows 11', os.arch: 'amd64', os.version: '10.0', java.version: '19.0.2'
Driver info: org.openqa.selenium.chrome.ChromeDriver
Capabilities {acceptInsecureCerts: false, browserName: chrome, browserVersion: 112.0.5615.121, chrome: {chromedriverVersion: 112.0.5615.49 (bd2a7bcb881c..., userDataDir: C:\Program Files (x86)\scop...}, goog:chromeOptions: {debuggerAddress: localhost:55587}, javascriptEnabled: true, networkConnectionEnabled: false, pageLoadStrategy: normal, platform: WINDOWS, platformName: WINDOWS, proxy: Proxy(), setWindowRect: true, strictFileInteractability: false, timeouts: {implicit: 0, pageLoad: 300000, script: 30000}, unhandledPromptBehavior: dismiss and notify, webauthn:extension:credBlob: true, webauthn:extension:largeBlob: true, webauthn:extension:minPinLength: true, webauthn:extension:prf: true, webauthn:virtualAuthenticators: true}
Session ID: baa7534816bc5511013902cff1d49204
at org.openqa.selenium.remote.http.W3CHttpResponseCodec.createException(W3CHttpResponseCodec.java:187)
at org.openqa.selenium.remote.http.W3CHttpResponseCodec.decode(W3CHttpResponseCodec.java:122)
at org.openqa.selenium.remote.http.W3CHttpResponseCodec.decode(W3CHttpResponseCodec.java:49)
at org.openqa.selenium.remote.HttpCommandExecutor.execute(HttpCommandExecutor.java:158)
at org.openqa.selenium.remote.service.DriverCommandExecutor.execute(DriverCommandExecutor.java:83)
at org.openqa.selenium.remote.RemoteWebDriver.execute(RemoteWebDriver.java:552)
at org.openqa.selenium.remote.RemoteWebElement.execute(RemoteWebElement.java:285)
at org.openqa.selenium.remote.RemoteWebElement.click(RemoteWebElement.java:84)
at org.openqa.selenium.support.pagefactory.internal.LocatingElementHandler.invoke(LocatingElementHandler.java:51)
at jdk.proxy2/jdk.proxy2.$Proxy12.click(Unknown Source)
at org.action.CustomerActions.cs07(CustomerActions.java:69)
at org.test.CustomerSetup.TC07(CustomerSetup.java:72)
at java.base/java.util.ArrayList.forEach(ArrayList.java:1511)
... Removed 30 stack frames]]>
    </failure>
  </testcase> <!-- TC07 -->
  <testcase classname="org.test.CustomerListSetup" name="TC27" time="0.0">
    <ignored/>
  </testcase> <!-- TC27 -->
  <testcase classname="org.test.CustomerListSetup" name="TC26" time="0.0">
    <ignored/>
  </testcase> <!-- TC26 -->
  <testcase classname="org.test.CustomerListSetup" name="TC29" time="0.0">
    <ignored/>
  </testcase> <!-- TC29 -->
  <testcase classname="org.test.CustomerListSetup" name="TC28" time="0.0">
    <ignored/>
  </testcase> <!-- TC28 -->
  <testcase classname="org.test.CustomerListSetup" name="TC23" time="0.0">
    <ignored/>
  </testcase> <!-- TC23 -->
  <testcase classname="org.test.CustomerListSetup" name="TC33" time="0.0">
    <ignored/>
  </testcase> <!-- TC33 -->
  <testcase classname="org.test.CustomerListSetup" name="TC25" time="0.0">
    <ignored/>
  </testcase> <!-- TC25 -->
  <testcase classname="org.test.CustomerListSetup" name="TC24" time="0.0">
    <ignored/>
  </testcase> <!-- TC24 -->
  <testcase classname="org.test.CustomerSetup" name="TC04" time="0.0">
    <ignored/>
  </testcase> <!-- TC04 -->
  <testcase classname="org.test.CustomerSetup" name="TC01" time="0.0">
    <ignored/>
  </testcase> <!-- TC01 -->
  <testcase classname="org.test.CustomerListSetup" name="TC21" time="0.0">
    <ignored/>
  </testcase> <!-- TC21 -->
  <testcase classname="org.test.CustomerListSetup" name="TC20" time="0.0">
    <ignored/>
  </testcase> <!-- TC20 -->
  <testcase classname="org.test.CustomerSetup" name="TC03" time="0.0">
    <ignored/>
  </testcase> <!-- TC03 -->
  <testcase classname="org.test.CustomerSetup" name="TC08" time="0.0">
    <ignored/>
  </testcase> <!-- TC08 -->
  <testcase classname="org.test.CustomerSetup" name="TC05" time="0.0">
    <ignored/>
  </testcase> <!-- TC05 -->
  <testcase classname="org.test.CustomerSetup" name="TC02" time="0.0">
    <ignored/>
  </testcase> <!-- TC02 -->
  <testcase classname="org.test.CustomerSetup" name="TC09" time="0.0">
    <ignored/>
  </testcase> <!-- TC09 -->
  <testcase classname="org.test.CustomerSetup" name="TC06" time="0.0">
    <ignored/>
  </testcase> <!-- TC06 -->
  <testcase classname="org.test.CustomerListSetup" name="TC38" time="0.0">
    <ignored/>
  </testcase> <!-- TC38 -->
  <testcase classname="org.test.CustomerListSetup" name="TC37" time="0.0">
    <ignored/>
  </testcase> <!-- TC37 -->
  <testcase classname="org.test.CustomerListSetup" name="TC39" time="0.0">
    <ignored/>
  </testcase> <!-- TC39 -->
  <testcase classname="org.test.CustomerListSetup" name="TC34" time="0.0">
    <ignored/>
  </testcase> <!-- TC34 -->
  <testcase classname="org.test.CustomerSetup" name="TC11" time="0.0">
    <ignored/>
  </testcase> <!-- TC11 -->
  <testcase classname="org.test.CustomerListSetup" name="TC44" time="0.0">
    <ignored/>
  </testcase> <!-- TC44 -->
  <testcase classname="org.test.CustomerListSetup" name="TC36" time="0.0">
    <ignored/>
  </testcase> <!-- TC36 -->
  <testcase classname="org.test.CustomerListSetup" name="TC35" time="0.0">
    <ignored/>
  </testcase> <!-- TC35 -->
  <testcase classname="org.test.CustomerSetup" name="TC10" time="0.0">
    <ignored/>
  </testcase> <!-- TC10 -->
  <testcase classname="org.test.CustomerListSetup" name="TC30" time="0.0">
    <ignored/>
  </testcase> <!-- TC30 -->
  <testcase classname="org.test.CustomerListSetup" name="TC32" time="0.0">
    <ignored/>
  </testcase> <!-- TC32 -->
  <testcase classname="org.test.CustomerListSetup" name="TC31" time="0.0">
    <ignored/>
  </testcase> <!-- TC31 -->
  <testcase classname="org.test.CustomerListSetup" name="TC09" time="0.0">
    <ignored/>
  </testcase> <!-- TC09 -->
  <testcase classname="org.test.CustomerListSetup" name="TC08" time="0.0">
    <ignored/>
  </testcase> <!-- TC08 -->
  <testcase classname="org.test.CustomerListSetup" name="TC05" time="0.0">
    <ignored/>
  </testcase> <!-- TC05 -->
  <testcase classname="org.test.CustomerListSetup" name="TC49" time="0.0">
    <ignored/>
  </testcase> <!-- TC49 -->
  <testcase classname="org.test.CustomerListSetup" name="TC04" time="0.0">
    <ignored/>
  </testcase> <!-- TC04 -->
  <testcase classname="org.test.CustomerListSetup" name="TC07" time="0.0">
    <ignored/>
  </testcase> <!-- TC07 -->
  <testcase classname="org.test.CustomerListSetup" name="TC06" time="0.0">
    <ignored/>
  </testcase> <!-- TC06 -->
  <testcase classname="org.test.CustomerListSetup" name="TC01" time="0.0">
    <ignored/>
  </testcase> <!-- TC01 -->
  <testcase classname="org.test.CustomerListSetup" name="TC45" time="0.0">
    <ignored/>
  </testcase> <!-- TC45 -->
  <testcase classname="org.test.CustomerListSetup" name="TC11" time="0.0">
    <ignored/>
  </testcase> <!-- TC11 -->
  <testcase classname="org.test.CustomerListSetup" name="TC03" time="0.0">
    <ignored/>
  </testcase> <!-- TC03 -->
  <testcase classname="org.test.CustomerListSetup" name="TC47" time="0.0">
    <ignored/>
  </testcase> <!-- TC47 -->
  <testcase classname="org.test.CustomerListSetup" name="TC02" time="0.0">
    <ignored/>
  </testcase> <!-- TC02 -->
  <testcase classname="org.test.CustomerListSetup" name="TC46" time="0.0">
    <ignored/>
  </testcase> <!-- TC46 -->
  <testcase classname="org.test.CustomerListSetup" name="TC41" time="0.0">
    <ignored/>
  </testcase> <!-- TC41 -->
  <testcase classname="org.test.CustomerListSetup" name="TC40" time="0.0">
    <ignored/>
  </testcase> <!-- TC40 -->
  <testcase classname="org.test.CustomerListSetup" name="TC43" time="0.0">
    <ignored/>
  </testcase> <!-- TC43 -->
  <testcase classname="org.test.CustomerListSetup" name="TC19" time="0.0">
    <ignored/>
  </testcase> <!-- TC19 -->
  <testcase classname="org.test.CustomerListSetup" name="TC15" time="0.0">
    <ignored/>
  </testcase> <!-- TC15 -->
  <testcase classname="org.test.CustomerListSetup" name="TC18" time="0.0">
    <ignored/>
  </testcase> <!-- TC18 -->
  <testcase classname="org.test.CustomerListSetup" name="TC17" time="0.0">
    <ignored/>
  </testcase> <!-- TC17 -->
  <testcase classname="org.test.CustomerListSetup" name="TC12" time="0.0">
    <ignored/>
  </testcase> <!-- TC12 -->
  <testcase classname="org.test.CustomerListSetup" name="TC22" time="0.0">
    <ignored/>
  </testcase> <!-- TC22 -->
  <testcase classname="org.test.CustomerListSetup" name="TC14" time="0.0">
    <ignored/>
  </testcase> <!-- TC14 -->
  <testcase classname="org.test.CustomerListSetup" name="TC13" time="0.0">
    <ignored/>
  </testcase> <!-- TC13 -->
  <testcase classname="org.test.CustomerListSetup" name="TC52" time="0.0">
    <ignored/>
  </testcase> <!-- TC52 -->
  <testcase classname="org.test.CustomerListSetup" name="TC51" time="0.0">
    <ignored/>
  </testcase> <!-- TC51 -->
  <testcase classname="org.test.CustomerListSetup" name="TC10" time="0.0">
    <ignored/>
  </testcase> <!-- TC10 -->
  <testcase classname="org.test.CustomerListSetup" name="TC54" time="0.0">
    <ignored/>
  </testcase> <!-- TC54 -->
  <testcase classname="org.test.CustomerListSetup" name="TC53" time="0.0">
    <ignored/>
  </testcase> <!-- TC53 -->
  <testcase classname="org.test.CustomerListSetup" name="TC50" time="0.0">
    <ignored/>
  </testcase> <!-- TC50 -->
</testsuite> <!--  CGI Parallel test(failed) -->
