<?xml version="1.0" encoding="UTF-8"?>
<!-- Generated by org.testng.reporters.JUnitXMLReporter -->
<testsuite ignored="53" hostname="SSSLT24" failures="0" tests="1" name="Default test(failed)(failed)(failed)(failed)" time="33.436" errors="0" timestamp="2023-04-19T17:19:59 IST">
  <testcase classname="org.test.CustomerListSetup" name="TC34" time="21.709"/>
  <testcase classname="org.test.CustomerListSetup" name="TC27" time="0.0">
    <ignored/>
  </testcase> <!-- TC27 -->
  <testcase classname="org.test.CustomerListSetup" name="TC26" time="0.0">
    <ignored/>
  </testcase> <!-- TC26 -->
  <testcase classname="org.test.CustomerListSetup" name="TC29" time="0.0">
    <ignored/>
  </testcase> <!-- TC29 -->
  <testcase classname="org.test.CustomerListSetup" name="TC28" time="0.0">
    <ignored/>
  </testcase> <!-- TC28 -->
  <testcase classname="org.test.CustomerListSetup" name="TC23" time="0.0">
    <ignored/>
  </testcase> <!-- TC23 -->
  <testcase classname="org.test.CustomerListSetup" name="TC33" time="0.0">
    <ignored/>
  </testcase> <!-- TC33 -->
  <testcase classname="org.test.CustomerListSetup" name="TC25" time="0.0">
    <ignored/>
  </testcase> <!-- TC25 -->
  <testcase classname="org.test.CustomerListSetup" name="TC24" time="0.0">
    <ignored/>
  </testcase> <!-- TC24 -->
  <testcase classname="org.test.CustomerListSetup" name="TC21" time="0.0">
    <ignored/>
  </testcase> <!-- TC21 -->
  <testcase classname="org.test.CustomerListSetup" name="TC20" time="0.0">
    <ignored/>
  </testcase> <!-- TC20 -->
  <testcase classname="org.test.CustomerListSetup" name="TC38" time="0.0">
    <ignored/>
  </testcase> <!-- TC38 -->
  <testcase classname="org.test.CustomerListSetup" name="TC37" time="0.0">
    <ignored/>
  </testcase> <!-- TC37 -->
  <testcase classname="org.test.CustomerListSetup" name="TC39" time="0.0">
    <ignored/>
  </testcase> <!-- TC39 -->
  <testcase classname="org.test.CustomerListSetup" name="TC44" time="0.0">
    <ignored/>
  </testcase> <!-- TC44 -->
  <testcase classname="org.test.CustomerListSetup" name="TC36" time="0.0">
    <ignored/>
  </testcase> <!-- TC36 -->
  <testcase classname="org.test.CustomerListSetup" name="TC35" time="0.0">
    <ignored/>
  </testcase> <!-- TC35 -->
  <testcase classname="org.test.CustomerListSetup" name="TC30" time="0.0">
    <ignored/>
  </testcase> <!-- TC30 -->
  <testcase classname="org.test.CustomerListSetup" name="TC32" time="0.0">
    <ignored/>
  </testcase> <!-- TC32 -->
  <testcase classname="org.test.CustomerListSetup" name="TC31" time="0.0">
    <ignored/>
  </testcase> <!-- TC31 -->
  <testcase classname="org.test.CustomerListSetup" name="TC09" time="0.0">
    <ignored/>
  </testcase> <!-- TC09 -->
  <testcase classname="org.test.CustomerListSetup" name="TC08" time="0.0">
    <ignored/>
  </testcase> <!-- TC08 -->
  <testcase classname="org.test.CustomerListSetup" name="TC05" time="0.0">
    <ignored/>
  </testcase> <!-- TC05 -->
  <testcase classname="org.test.CustomerListSetup" name="TC49" time="0.0">
    <ignored/>
  </testcase> <!-- TC49 -->
  <testcase classname="org.test.CustomerListSetup" name="TC04" time="0.0">
    <ignored/>
  </testcase> <!-- TC04 -->
  <testcase classname="org.test.CustomerListSetup" name="TC48" time="0.0">
    <ignored/>
  </testcase> <!-- TC48 -->
  <testcase classname="org.test.CustomerListSetup" name="TC07" time="0.0">
    <ignored/>
  </testcase> <!-- TC07 -->
  <testcase classname="org.test.CustomerListSetup" name="TC06" time="0.0">
    <ignored/>
  </testcase> <!-- TC06 -->
  <testcase classname="org.test.CustomerListSetup" name="TC01" time="0.0">
    <ignored/>
  </testcase> <!-- TC01 -->
  <testcase classname="org.test.CustomerListSetup" name="TC45" time="0.0">
    <ignored/>
  </testcase> <!-- TC45 -->
  <testcase classname="org.test.CustomerListSetup" name="TC11" time="0.0">
    <ignored/>
  </testcase> <!-- TC11 -->
  <testcase classname="org.test.CustomerListSetup" name="TC03" time="0.0">
    <ignored/>
  </testcase> <!-- TC03 -->
  <testcase classname="org.test.CustomerListSetup" name="TC47" time="0.0">
    <ignored/>
  </testcase> <!-- TC47 -->
  <testcase classname="org.test.CustomerListSetup" name="TC02" time="0.0">
    <ignored/>
  </testcase> <!-- TC02 -->
  <testcase classname="org.test.CustomerListSetup" name="TC46" time="0.0">
    <ignored/>
  </testcase> <!-- TC46 -->
  <testcase classname="org.test.CustomerListSetup" name="TC41" time="0.0">
    <ignored/>
  </testcase> <!-- TC41 -->
  <testcase classname="org.test.CustomerListSetup" name="TC40" time="0.0">
    <ignored/>
  </testcase> <!-- TC40 -->
  <testcase classname="org.test.CustomerListSetup" name="TC43" time="0.0">
    <ignored/>
  </testcase> <!-- TC43 -->
  <testcase classname="org.test.CustomerListSetup" name="TC42" time="0.0">
    <ignored/>
  </testcase> <!-- TC42 -->
  <testcase classname="org.test.CustomerListSetup" name="TC19" time="0.0">
    <ignored/>
  </testcase> <!-- TC19 -->
  <testcase classname="org.test.CustomerListSetup" name="TC16" time="0.0">
    <ignored/>
  </testcase> <!-- TC16 -->
  <testcase classname="org.test.CustomerListSetup" name="TC15" time="0.0">
    <ignored/>
  </testcase> <!-- TC15 -->
  <testcase classname="org.test.CustomerListSetup" name="TC18" time="0.0">
    <ignored/>
  </testcase> <!-- TC18 -->
  <testcase classname="org.test.CustomerListSetup" name="TC17" time="0.0">
    <ignored/>
  </testcase> <!-- TC17 -->
  <testcase classname="org.test.CustomerListSetup" name="TC12" time="0.0">
    <ignored/>
  </testcase> <!-- TC12 -->
  <testcase classname="org.test.CustomerListSetup" name="TC22" time="0.0">
    <ignored/>
  </testcase> <!-- TC22 -->
  <testcase classname="org.test.CustomerListSetup" name="TC14" time="0.0">
    <ignored/>
  </testcase> <!-- TC14 -->
  <testcase classname="org.test.CustomerListSetup" name="TC13" time="0.0">
    <ignored/>
  </testcase> <!-- TC13 -->
  <testcase classname="org.test.CustomerListSetup" name="TC52" time="0.0">
    <ignored/>
  </testcase> <!-- TC52 -->
  <testcase classname="org.test.CustomerListSetup" name="TC51" time="0.0">
    <ignored/>
  </testcase> <!-- TC51 -->
  <testcase classname="org.test.CustomerListSetup" name="TC10" time="0.0">
    <ignored/>
  </testcase> <!-- TC10 -->
  <testcase classname="org.test.CustomerListSetup" name="TC54" time="0.0">
    <ignored/>
  </testcase> <!-- TC54 -->
  <testcase classname="org.test.CustomerListSetup" name="TC53" time="0.0">
    <ignored/>
  </testcase> <!-- TC53 -->
  <testcase classname="org.test.CustomerListSetup" name="TC50" time="0.0">
    <ignored/>
  </testcase> <!-- TC50 -->
</testsuite> <!-- Default test(failed)(failed)(failed)(failed) -->
