<?xml version="1.0" encoding="UTF-8"?>
<!-- Generated by org.testng.reporters.JUnitXMLReporter -->
<testsuite ignored="8" hostname="SSSLT24" failures="0" tests="1" name="Default test(failed)(failed)(failed)(failed)(failed)" time="152.598" errors="0" timestamp="2023-04-01T14:55:23 IST">
  <testcase classname="org.test.ReportsSetup" name="TC18" time="98.349"/>
  <testcase classname="org.test.ReportsSetup" name="TC10" time="0.0">
    <ignored/>
  </testcase> <!-- TC10 -->
  <testcase classname="org.test.ReportsSetup" name="TC12" time="0.0">
    <ignored/>
  </testcase> <!-- TC12 -->
  <testcase classname="org.test.ReportsSetup" name="TC11" time="0.0">
    <ignored/>
  </testcase> <!-- TC11 -->
  <testcase classname="org.test.ReportsSetup" name="TC14" time="0.0">
    <ignored/>
  </testcase> <!-- TC14 -->
  <testcase classname="org.test.ReportsSetup" name="TC13" time="0.0">
    <ignored/>
  </testcase> <!-- TC13 -->
  <testcase classname="org.test.ReportsSetup" name="TC16" time="0.0">
    <ignored/>
  </testcase> <!-- TC16 -->
  <testcase classname="org.test.ReportsSetup" name="TC15" time="0.0">
    <ignored/>
  </testcase> <!-- TC15 -->
  <testcase classname="org.test.ReportsSetup" name="TC17" time="0.0">
    <ignored/>
  </testcase> <!-- TC17 -->
</testsuite> <!-- Default test(failed)(failed)(failed)(failed)(failed) -->
