<?xml version="1.0" encoding="UTF-8"?>
<testng-results ignored="0" total="144" passed="142" failed="2" skipped="0">
  <reporter-output>
  </reporter-output>
  <suite started-at="2023-04-20T12:38:51 IST" name="CGI" finished-at="2023-04-20T13:26:41 IST" duration-ms="2870458">
    <groups>
    </groups>
    <test started-at="2023-04-20T12:38:51 IST" name=" CGI Parallel test" finished-at="2023-04-20T13:26:41 IST" duration-ms="2870458">
      <class name="org.test.Entry">
        <test-method is-config="true" signature="launch()[pri:0, instance:org.test.Entry@6d763516]" started-at="2023-04-20T13:25:09 IST" name="launch" finished-at="2023-04-20T13:25:15 IST" duration-ms="5909" status="PASS">
          <reporter-output>
          </reporter-output>
        </test-method> <!-- launch -->
        <test-method signature="TC1()[pri:1, instance:org.test.Entry@6d763516]" started-at="2023-04-20T13:25:15 IST" name="TC1" description="Check with valid Login for normal User" finished-at="2023-04-20T13:25:24 IST" duration-ms="8358" status="PASS">
          <reporter-output>
          </reporter-output>
        </test-method> <!-- TC1 -->
        <test-method is-config="true" signature="close()[pri:0, instance:org.test.Entry@6d763516]" started-at="2023-04-20T13:25:24 IST" name="close" finished-at="2023-04-20T13:25:24 IST" duration-ms="474" status="PASS">
          <reporter-output>
          </reporter-output>
        </test-method> <!-- close -->
        <test-method is-config="true" signature="launch()[pri:0, instance:org.test.Entry@6d763516]" started-at="2023-04-20T13:25:24 IST" name="launch" finished-at="2023-04-20T13:25:30 IST" duration-ms="5599" status="PASS">
          <reporter-output>
          </reporter-output>
        </test-method> <!-- launch -->
        <test-method signature="TC2()[pri:2, instance:org.test.Entry@6d763516]" started-at="2023-04-20T13:25:30 IST" name="TC2" description="Check with empty Email Id  &amp; Valid Password" finished-at="2023-04-20T13:25:31 IST" duration-ms="1069" status="PASS">
          <reporter-output>
          </reporter-output>
        </test-method> <!-- TC2 -->
        <test-method is-config="true" signature="close()[pri:0, instance:org.test.Entry@6d763516]" started-at="2023-04-20T13:25:31 IST" name="close" finished-at="2023-04-20T13:25:31 IST" duration-ms="292" status="PASS">
          <reporter-output>
          </reporter-output>
        </test-method> <!-- close -->
        <test-method is-config="true" signature="launch()[pri:0, instance:org.test.Entry@6d763516]" started-at="2023-04-20T13:25:31 IST" name="launch" finished-at="2023-04-20T13:25:37 IST" duration-ms="5588" status="PASS">
          <reporter-output>
          </reporter-output>
        </test-method> <!-- launch -->
        <test-method signature="TC3()[pri:3, instance:org.test.Entry@6d763516]" started-at="2023-04-20T13:25:37 IST" name="TC3" description="Check with Valid Email Id  &amp; empty Password" finished-at="2023-04-20T13:25:37 IST" duration-ms="663" status="PASS">
          <reporter-output>
          </reporter-output>
        </test-method> <!-- TC3 -->
        <test-method is-config="true" signature="close()[pri:0, instance:org.test.Entry@6d763516]" started-at="2023-04-20T13:25:37 IST" name="close" finished-at="2023-04-20T13:25:38 IST" duration-ms="325" status="PASS">
          <reporter-output>
          </reporter-output>
        </test-method> <!-- close -->
        <test-method is-config="true" signature="launch()[pri:0, instance:org.test.Entry@6d763516]" started-at="2023-04-20T13:25:38 IST" name="launch" finished-at="2023-04-20T13:25:43 IST" duration-ms="5104" status="PASS">
          <reporter-output>
          </reporter-output>
        </test-method> <!-- launch -->
        <test-method signature="TC4()[pri:4, instance:org.test.Entry@6d763516]" started-at="2023-04-20T13:25:43 IST" name="TC4" description="Check with InValid Email Id  &amp; ValidPassword" finished-at="2023-04-20T13:25:43 IST" duration-ms="594" status="PASS">
          <reporter-output>
          </reporter-output>
        </test-method> <!-- TC4 -->
        <test-method is-config="true" signature="close()[pri:0, instance:org.test.Entry@6d763516]" started-at="2023-04-20T13:25:43 IST" name="close" finished-at="2023-04-20T13:25:44 IST" duration-ms="274" status="PASS">
          <reporter-output>
          </reporter-output>
        </test-method> <!-- close -->
        <test-method is-config="true" signature="launch()[pri:0, instance:org.test.Entry@6d763516]" started-at="2023-04-20T13:25:44 IST" name="launch" finished-at="2023-04-20T13:25:49 IST" duration-ms="5427" status="PASS">
          <reporter-output>
          </reporter-output>
        </test-method> <!-- launch -->
        <test-method signature="TC5()[pri:5, instance:org.test.Entry@6d763516]" started-at="2023-04-20T13:25:49 IST" name="TC5" description="Check with Valid Email Id  &amp; InValid Password" finished-at="2023-04-20T13:25:50 IST" duration-ms="735" status="PASS">
          <reporter-output>
          </reporter-output>
        </test-method> <!-- TC5 -->
        <test-method is-config="true" signature="close()[pri:0, instance:org.test.Entry@6d763516]" started-at="2023-04-20T13:25:50 IST" name="close" finished-at="2023-04-20T13:25:50 IST" duration-ms="278" status="PASS">
          <reporter-output>
          </reporter-output>
        </test-method> <!-- close -->
        <test-method is-config="true" signature="launch()[pri:0, instance:org.test.Entry@6d763516]" started-at="2023-04-20T13:25:50 IST" name="launch" finished-at="2023-04-20T13:25:56 IST" duration-ms="5590" status="PASS">
          <reporter-output>
          </reporter-output>
        </test-method> <!-- launch -->
        <test-method signature="TC6()[pri:6, instance:org.test.Entry@6d763516]" started-at="2023-04-20T13:25:56 IST" name="TC6" description="Check with Valid Email Id  &amp; InValid Password Repeated 6times" finished-at="2023-04-20T13:25:56 IST" duration-ms="666" status="PASS">
          <reporter-output>
          </reporter-output>
        </test-method> <!-- TC6 -->
        <test-method is-config="true" signature="close()[pri:0, instance:org.test.Entry@6d763516]" started-at="2023-04-20T13:25:56 IST" name="close" finished-at="2023-04-20T13:25:57 IST" duration-ms="382" status="PASS">
          <reporter-output>
          </reporter-output>
        </test-method> <!-- close -->
        <test-method is-config="true" signature="launch()[pri:0, instance:org.test.Entry@6d763516]" started-at="2023-04-20T13:25:57 IST" name="launch" finished-at="2023-04-20T13:26:03 IST" duration-ms="5996" status="PASS">
          <reporter-output>
          </reporter-output>
        </test-method> <!-- launch -->
        <test-method signature="TC7()[pri:7, instance:org.test.Entry@6d763516]" started-at="2023-04-20T13:26:03 IST" name="TC7" description="Check Invalid or Disable User Login " finished-at="2023-04-20T13:26:06 IST" duration-ms="2836" status="PASS">
          <reporter-output>
          </reporter-output>
        </test-method> <!-- TC7 -->
        <test-method is-config="true" signature="close()[pri:0, instance:org.test.Entry@6d763516]" started-at="2023-04-20T13:26:06 IST" name="close" finished-at="2023-04-20T13:26:07 IST" duration-ms="1099" status="PASS">
          <reporter-output>
          </reporter-output>
        </test-method> <!-- close -->
        <test-method is-config="true" signature="launch()[pri:0, instance:org.test.Entry@6d763516]" started-at="2023-04-20T13:26:07 IST" name="launch" finished-at="2023-04-20T13:26:13 IST" duration-ms="6218" status="PASS">
          <reporter-output>
          </reporter-output>
        </test-method> <!-- launch -->
        <test-method signature="TC8()[pri:8, instance:org.test.Entry@6d763516]" started-at="2023-04-20T13:26:13 IST" name="TC8" description="Check 2FA Enable Acount User" finished-at="2023-04-20T13:26:20 IST" duration-ms="7230" status="PASS">
          <reporter-output>
          </reporter-output>
        </test-method> <!-- TC8 -->
        <test-method is-config="true" signature="close()[pri:0, instance:org.test.Entry@6d763516]" started-at="2023-04-20T13:26:20 IST" name="close" finished-at="2023-04-20T13:26:20 IST" duration-ms="275" status="PASS">
          <reporter-output>
          </reporter-output>
        </test-method> <!-- close -->
        <test-method is-config="true" signature="launch()[pri:0, instance:org.test.Entry@6d763516]" started-at="2023-04-20T13:26:20 IST" name="launch" finished-at="2023-04-20T13:26:25 IST" duration-ms="5162" status="PASS">
          <reporter-output>
          </reporter-output>
        </test-method> <!-- launch -->
        <test-method signature="TC9()[pri:9, instance:org.test.Entry@6d763516]" started-at="2023-04-20T13:26:25 IST" name="TC9" description="Check 2FA  Disable Acount User" finished-at="2023-04-20T13:26:33 IST" duration-ms="7571" status="PASS">
          <reporter-output>
          </reporter-output>
        </test-method> <!-- TC9 -->
        <test-method is-config="true" signature="close()[pri:0, instance:org.test.Entry@6d763516]" started-at="2023-04-20T13:26:33 IST" name="close" finished-at="2023-04-20T13:26:33 IST" duration-ms="395" status="PASS">
          <reporter-output>
          </reporter-output>
        </test-method> <!-- close -->
        <test-method is-config="true" signature="launch()[pri:0, instance:org.test.Entry@6d763516]" started-at="2023-04-20T13:26:33 IST" name="launch" finished-at="2023-04-20T13:26:39 IST" duration-ms="5465" status="PASS">
          <reporter-output>
          </reporter-output>
        </test-method> <!-- launch -->
        <test-method signature="TC10()[pri:10, instance:org.test.Entry@6d763516]" started-at="2023-04-20T13:26:39 IST" name="TC10" description="Check the Forgot Password Function " finished-at="2023-04-20T13:26:41 IST" duration-ms="1923" status="PASS">
          <reporter-output>
          </reporter-output>
        </test-method> <!-- TC10 -->
        <test-method is-config="true" signature="close()[pri:0, instance:org.test.Entry@6d763516]" started-at="2023-04-20T13:26:41 IST" name="close" finished-at="2023-04-20T13:26:41 IST" duration-ms="444" status="PASS">
          <reporter-output>
          </reporter-output>
        </test-method> <!-- close -->
      </class> <!-- org.test.Entry -->
      <class name="org.test.CustomerSetup">
        <test-method is-config="true" signature="launch()[pri:0, instance:org.test.CustomerSetup@2a798d51]" started-at="2023-04-20T13:22:15 IST" name="launch" finished-at="2023-04-20T13:22:20 IST" duration-ms="4929" status="PASS">
          <reporter-output>
          </reporter-output>
        </test-method> <!-- launch -->
        <test-method signature="TC01()[pri:0, instance:org.test.CustomerSetup@2a798d51]" started-at="2023-04-20T13:22:20 IST" name="TC01" finished-at="2023-04-20T13:22:31 IST" duration-ms="11057" status="PASS">
          <reporter-output>
          </reporter-output>
        </test-method> <!-- TC01 -->
        <test-method is-config="true" signature="close()[pri:0, instance:org.test.CustomerSetup@2a798d51]" started-at="2023-04-20T13:22:31 IST" name="close" finished-at="2023-04-20T13:22:31 IST" duration-ms="515" status="PASS">
          <reporter-output>
          </reporter-output>
        </test-method> <!-- close -->
        <test-method is-config="true" signature="launch()[pri:0, instance:org.test.CustomerSetup@2a798d51]" started-at="2023-04-20T13:22:31 IST" name="launch" finished-at="2023-04-20T13:22:37 IST" duration-ms="5407" status="PASS">
          <reporter-output>
          </reporter-output>
        </test-method> <!-- launch -->
        <test-method signature="TC02()[pri:0, instance:org.test.CustomerSetup@2a798d51]" started-at="2023-04-20T13:22:37 IST" name="TC02" finished-at="2023-04-20T13:22:46 IST" duration-ms="9921" status="PASS">
          <reporter-output>
          </reporter-output>
        </test-method> <!-- TC02 -->
        <test-method is-config="true" signature="close()[pri:0, instance:org.test.CustomerSetup@2a798d51]" started-at="2023-04-20T13:22:46 IST" name="close" finished-at="2023-04-20T13:22:47 IST" duration-ms="362" status="PASS">
          <reporter-output>
          </reporter-output>
        </test-method> <!-- close -->
        <test-method is-config="true" signature="launch()[pri:0, instance:org.test.CustomerSetup@2a798d51]" started-at="2023-04-20T13:22:47 IST" name="launch" finished-at="2023-04-20T13:22:52 IST" duration-ms="4992" status="PASS">
          <reporter-output>
          </reporter-output>
        </test-method> <!-- launch -->
        <test-method signature="TC03()[pri:0, instance:org.test.CustomerSetup@2a798d51]" started-at="2023-04-20T13:22:52 IST" name="TC03" finished-at="2023-04-20T13:23:02 IST" duration-ms="9907" status="PASS">
          <reporter-output>
          </reporter-output>
        </test-method> <!-- TC03 -->
        <test-method is-config="true" signature="close()[pri:0, instance:org.test.CustomerSetup@2a798d51]" started-at="2023-04-20T13:23:02 IST" name="close" finished-at="2023-04-20T13:23:02 IST" duration-ms="335" status="PASS">
          <reporter-output>
          </reporter-output>
        </test-method> <!-- close -->
        <test-method is-config="true" signature="launch()[pri:0, instance:org.test.CustomerSetup@2a798d51]" started-at="2023-04-20T13:23:02 IST" name="launch" finished-at="2023-04-20T13:23:07 IST" duration-ms="5012" status="PASS">
          <reporter-output>
          </reporter-output>
        </test-method> <!-- launch -->
        <test-method signature="TC04()[pri:0, instance:org.test.CustomerSetup@2a798d51]" started-at="2023-04-20T13:23:07 IST" name="TC04" finished-at="2023-04-20T13:23:18 IST" duration-ms="11283" status="PASS">
          <reporter-output>
          </reporter-output>
        </test-method> <!-- TC04 -->
        <test-method is-config="true" signature="close()[pri:0, instance:org.test.CustomerSetup@2a798d51]" started-at="2023-04-20T13:23:18 IST" name="close" finished-at="2023-04-20T13:23:19 IST" duration-ms="525" status="PASS">
          <reporter-output>
          </reporter-output>
        </test-method> <!-- close -->
        <test-method is-config="true" signature="launch()[pri:0, instance:org.test.CustomerSetup@2a798d51]" started-at="2023-04-20T13:23:19 IST" name="launch" finished-at="2023-04-20T13:23:24 IST" duration-ms="5168" status="PASS">
          <reporter-output>
          </reporter-output>
        </test-method> <!-- launch -->
        <test-method signature="TC05()[pri:0, instance:org.test.CustomerSetup@2a798d51]" started-at="2023-04-20T13:23:24 IST" name="TC05" finished-at="2023-04-20T13:23:34 IST" duration-ms="9555" status="PASS">
          <reporter-output>
          </reporter-output>
        </test-method> <!-- TC05 -->
        <test-method is-config="true" signature="close()[pri:0, instance:org.test.CustomerSetup@2a798d51]" started-at="2023-04-20T13:23:34 IST" name="close" finished-at="2023-04-20T13:23:34 IST" duration-ms="550" status="PASS">
          <reporter-output>
          </reporter-output>
        </test-method> <!-- close -->
        <test-method is-config="true" signature="launch()[pri:0, instance:org.test.CustomerSetup@2a798d51]" started-at="2023-04-20T13:23:34 IST" name="launch" finished-at="2023-04-20T13:23:39 IST" duration-ms="4976" status="PASS">
          <reporter-output>
          </reporter-output>
        </test-method> <!-- launch -->
        <test-method signature="TC06()[pri:0, instance:org.test.CustomerSetup@2a798d51]" started-at="2023-04-20T13:23:39 IST" name="TC06" finished-at="2023-04-20T13:23:49 IST" duration-ms="9950" status="PASS">
          <reporter-output>
          </reporter-output>
        </test-method> <!-- TC06 -->
        <test-method is-config="true" signature="close()[pri:0, instance:org.test.CustomerSetup@2a798d51]" started-at="2023-04-20T13:23:49 IST" name="close" finished-at="2023-04-20T13:23:50 IST" duration-ms="520" status="PASS">
          <reporter-output>
          </reporter-output>
        </test-method> <!-- close -->
        <test-method is-config="true" signature="launch()[pri:0, instance:org.test.CustomerSetup@2a798d51]" started-at="2023-04-20T13:23:50 IST" name="launch" finished-at="2023-04-20T13:23:55 IST" duration-ms="5027" status="PASS">
          <reporter-output>
          </reporter-output>
        </test-method> <!-- launch -->
        <test-method signature="TC07()[pri:0, instance:org.test.CustomerSetup@2a798d51]" started-at="2023-04-20T13:23:55 IST" name="TC07" finished-at="2023-04-20T13:24:05 IST" duration-ms="10622" status="PASS">
          <reporter-output>
          </reporter-output>
        </test-method> <!-- TC07 -->
        <test-method is-config="true" signature="close()[pri:0, instance:org.test.CustomerSetup@2a798d51]" started-at="2023-04-20T13:24:05 IST" name="close" finished-at="2023-04-20T13:24:06 IST" duration-ms="764" status="PASS">
          <reporter-output>
          </reporter-output>
        </test-method> <!-- close -->
        <test-method is-config="true" signature="launch()[pri:0, instance:org.test.CustomerSetup@2a798d51]" started-at="2023-04-20T13:24:06 IST" name="launch" finished-at="2023-04-20T13:24:11 IST" duration-ms="4997" status="PASS">
          <reporter-output>
          </reporter-output>
        </test-method> <!-- launch -->
        <test-method signature="TC08()[pri:0, instance:org.test.CustomerSetup@2a798d51]" started-at="2023-04-20T13:24:11 IST" name="TC08" finished-at="2023-04-20T13:24:21 IST" duration-ms="10191" status="PASS">
          <reporter-output>
          </reporter-output>
        </test-method> <!-- TC08 -->
        <test-method is-config="true" signature="close()[pri:0, instance:org.test.CustomerSetup@2a798d51]" started-at="2023-04-20T13:24:21 IST" name="close" finished-at="2023-04-20T13:24:22 IST" duration-ms="524" status="PASS">
          <reporter-output>
          </reporter-output>
        </test-method> <!-- close -->
        <test-method is-config="true" signature="launch()[pri:0, instance:org.test.CustomerSetup@2a798d51]" started-at="2023-04-20T13:24:22 IST" name="launch" finished-at="2023-04-20T13:24:27 IST" duration-ms="5686" status="PASS">
          <reporter-output>
          </reporter-output>
        </test-method> <!-- launch -->
        <test-method signature="TC09()[pri:0, instance:org.test.CustomerSetup@2a798d51]" started-at="2023-04-20T13:24:27 IST" name="TC09" finished-at="2023-04-20T13:24:38 IST" duration-ms="11024" status="PASS">
          <reporter-output>
          </reporter-output>
        </test-method> <!-- TC09 -->
        <test-method is-config="true" signature="close()[pri:0, instance:org.test.CustomerSetup@2a798d51]" started-at="2023-04-20T13:24:38 IST" name="close" finished-at="2023-04-20T13:24:39 IST" duration-ms="459" status="PASS">
          <reporter-output>
          </reporter-output>
        </test-method> <!-- close -->
        <test-method is-config="true" signature="launch()[pri:0, instance:org.test.CustomerSetup@2a798d51]" started-at="2023-04-20T13:24:39 IST" name="launch" finished-at="2023-04-20T13:24:44 IST" duration-ms="4899" status="PASS">
          <reporter-output>
          </reporter-output>
        </test-method> <!-- launch -->
        <test-method signature="TC10()[pri:0, instance:org.test.CustomerSetup@2a798d51]" started-at="2023-04-20T13:24:44 IST" name="TC10" finished-at="2023-04-20T13:24:54 IST" duration-ms="10004" status="PASS">
          <reporter-output>
          </reporter-output>
        </test-method> <!-- TC10 -->
        <test-method is-config="true" signature="close()[pri:0, instance:org.test.CustomerSetup@2a798d51]" started-at="2023-04-20T13:24:54 IST" name="close" finished-at="2023-04-20T13:24:54 IST" duration-ms="280" status="PASS">
          <reporter-output>
          </reporter-output>
        </test-method> <!-- close -->
        <test-method is-config="true" signature="launch()[pri:0, instance:org.test.CustomerSetup@2a798d51]" started-at="2023-04-20T13:24:54 IST" name="launch" finished-at="2023-04-20T13:24:59 IST" duration-ms="5017" status="PASS">
          <reporter-output>
          </reporter-output>
        </test-method> <!-- launch -->
        <test-method signature="TC11()[pri:0, instance:org.test.CustomerSetup@2a798d51]" started-at="2023-04-20T13:24:59 IST" name="TC11" finished-at="2023-04-20T13:25:09 IST" duration-ms="9714" status="PASS">
          <reporter-output>
          </reporter-output>
        </test-method> <!-- TC11 -->
        <test-method is-config="true" signature="close()[pri:0, instance:org.test.CustomerSetup@2a798d51]" started-at="2023-04-20T13:25:09 IST" name="close" finished-at="2023-04-20T13:25:09 IST" duration-ms="515" status="PASS">
          <reporter-output>
          </reporter-output>
        </test-method> <!-- close -->
      </class> <!-- org.test.CustomerSetup -->
      <class name="org.test.InstallerSetup">
        <test-method is-config="true" signature="launch()[pri:0, instance:org.test.InstallerSetup@6572421]" started-at="2023-04-20T12:48:48 IST" name="launch" finished-at="2023-04-20T12:48:53 IST" duration-ms="5340" status="PASS">
          <reporter-output>
          </reporter-output>
        </test-method> <!-- launch -->
        <test-method signature="TC01()[pri:0, instance:org.test.InstallerSetup@6572421]" started-at="2023-04-20T12:48:53 IST" name="TC01" finished-at="2023-04-20T12:49:05 IST" duration-ms="11594" status="PASS">
          <reporter-output>
          </reporter-output>
        </test-method> <!-- TC01 -->
        <test-method is-config="true" signature="close()[pri:0, instance:org.test.InstallerSetup@6572421]" started-at="2023-04-20T12:49:05 IST" name="close" finished-at="2023-04-20T12:49:05 IST" duration-ms="493" status="PASS">
          <reporter-output>
          </reporter-output>
        </test-method> <!-- close -->
        <test-method is-config="true" signature="launch()[pri:0, instance:org.test.InstallerSetup@6572421]" started-at="2023-04-20T12:49:05 IST" name="launch" finished-at="2023-04-20T12:49:11 IST" duration-ms="5928" status="PASS">
          <reporter-output>
          </reporter-output>
        </test-method> <!-- launch -->
        <test-method signature="TC02()[pri:0, instance:org.test.InstallerSetup@6572421]" started-at="2023-04-20T12:49:11 IST" name="TC02" finished-at="2023-04-20T12:49:26 IST" duration-ms="14733" status="PASS">
          <reporter-output>
          </reporter-output>
        </test-method> <!-- TC02 -->
        <test-method is-config="true" signature="close()[pri:0, instance:org.test.InstallerSetup@6572421]" started-at="2023-04-20T12:49:26 IST" name="close" finished-at="2023-04-20T12:49:26 IST" duration-ms="379" status="PASS">
          <reporter-output>
          </reporter-output>
        </test-method> <!-- close -->
        <test-method is-config="true" signature="launch()[pri:0, instance:org.test.InstallerSetup@6572421]" started-at="2023-04-20T12:49:26 IST" name="launch" finished-at="2023-04-20T12:49:32 IST" duration-ms="5654" status="PASS">
          <reporter-output>
          </reporter-output>
        </test-method> <!-- launch -->
        <test-method signature="TC03()[pri:0, instance:org.test.InstallerSetup@6572421]" started-at="2023-04-20T12:49:32 IST" name="TC03" finished-at="2023-04-20T12:49:47 IST" duration-ms="14636" status="PASS">
          <reporter-output>
          </reporter-output>
        </test-method> <!-- TC03 -->
        <test-method is-config="true" signature="close()[pri:0, instance:org.test.InstallerSetup@6572421]" started-at="2023-04-20T12:49:47 IST" name="close" finished-at="2023-04-20T12:49:47 IST" duration-ms="385" status="PASS">
          <reporter-output>
          </reporter-output>
        </test-method> <!-- close -->
        <test-method is-config="true" signature="launch()[pri:0, instance:org.test.InstallerSetup@6572421]" started-at="2023-04-20T12:49:47 IST" name="launch" finished-at="2023-04-20T12:49:53 IST" duration-ms="5501" status="PASS">
          <reporter-output>
          </reporter-output>
        </test-method> <!-- launch -->
        <test-method signature="TC04()[pri:0, instance:org.test.InstallerSetup@6572421]" started-at="2023-04-20T12:49:53 IST" name="TC04" finished-at="2023-04-20T12:50:13 IST" duration-ms="20068" status="PASS">
          <reporter-output>
          </reporter-output>
        </test-method> <!-- TC04 -->
        <test-method is-config="true" signature="close()[pri:0, instance:org.test.InstallerSetup@6572421]" started-at="2023-04-20T12:50:13 IST" name="close" finished-at="2023-04-20T12:50:13 IST" duration-ms="461" status="PASS">
          <reporter-output>
          </reporter-output>
        </test-method> <!-- close -->
        <test-method is-config="true" signature="launch()[pri:0, instance:org.test.InstallerSetup@6572421]" started-at="2023-04-20T12:50:13 IST" name="launch" finished-at="2023-04-20T12:50:20 IST" duration-ms="6720" status="PASS">
          <reporter-output>
          </reporter-output>
        </test-method> <!-- launch -->
        <test-method signature="TC05()[pri:0, instance:org.test.InstallerSetup@6572421]" started-at="2023-04-20T12:50:20 IST" name="TC05" finished-at="2023-04-20T12:50:39 IST" duration-ms="19413" status="PASS">
          <reporter-output>
          </reporter-output>
        </test-method> <!-- TC05 -->
        <test-method is-config="true" signature="close()[pri:0, instance:org.test.InstallerSetup@6572421]" started-at="2023-04-20T12:50:39 IST" name="close" finished-at="2023-04-20T12:50:41 IST" duration-ms="1862" status="PASS">
          <reporter-output>
          </reporter-output>
        </test-method> <!-- close -->
        <test-method is-config="true" signature="launch()[pri:0, instance:org.test.InstallerSetup@6572421]" started-at="2023-04-20T12:50:41 IST" name="launch" finished-at="2023-04-20T12:50:48 IST" duration-ms="7277" status="PASS">
          <reporter-output>
          </reporter-output>
        </test-method> <!-- launch -->
        <test-method signature="TC06()[pri:0, instance:org.test.InstallerSetup@6572421]" started-at="2023-04-20T12:50:48 IST" name="TC06" finished-at="2023-04-20T12:51:01 IST" duration-ms="12811" status="PASS">
          <reporter-output>
          </reporter-output>
        </test-method> <!-- TC06 -->
        <test-method is-config="true" signature="close()[pri:0, instance:org.test.InstallerSetup@6572421]" started-at="2023-04-20T12:51:01 IST" name="close" finished-at="2023-04-20T12:51:03 IST" duration-ms="1478" status="PASS">
          <reporter-output>
          </reporter-output>
        </test-method> <!-- close -->
        <test-method is-config="true" signature="launch()[pri:0, instance:org.test.InstallerSetup@6572421]" started-at="2023-04-20T12:51:03 IST" name="launch" finished-at="2023-04-20T12:51:14 IST" duration-ms="11421" status="PASS">
          <reporter-output>
          </reporter-output>
        </test-method> <!-- launch -->
        <test-method signature="TC07()[pri:0, instance:org.test.InstallerSetup@6572421]" started-at="2023-04-20T12:51:14 IST" name="TC07" finished-at="2023-04-20T12:51:27 IST" duration-ms="13295" status="PASS">
          <reporter-output>
          </reporter-output>
        </test-method> <!-- TC07 -->
        <test-method is-config="true" signature="close()[pri:0, instance:org.test.InstallerSetup@6572421]" started-at="2023-04-20T12:51:27 IST" name="close" finished-at="2023-04-20T12:51:28 IST" duration-ms="318" status="PASS">
          <reporter-output>
          </reporter-output>
        </test-method> <!-- close -->
        <test-method is-config="true" signature="launch()[pri:0, instance:org.test.InstallerSetup@6572421]" started-at="2023-04-20T12:51:28 IST" name="launch" finished-at="2023-04-20T12:51:33 IST" duration-ms="5465" status="PASS">
          <reporter-output>
          </reporter-output>
        </test-method> <!-- launch -->
        <test-method signature="TC08()[pri:0, instance:org.test.InstallerSetup@6572421]" started-at="2023-04-20T12:51:33 IST" name="TC08" finished-at="2023-04-20T12:51:50 IST" duration-ms="16458" status="PASS">
          <reporter-output>
          </reporter-output>
        </test-method> <!-- TC08 -->
        <test-method is-config="true" signature="close()[pri:0, instance:org.test.InstallerSetup@6572421]" started-at="2023-04-20T12:51:50 IST" name="close" finished-at="2023-04-20T12:51:50 IST" duration-ms="313" status="PASS">
          <reporter-output>
          </reporter-output>
        </test-method> <!-- close -->
        <test-method is-config="true" signature="launch()[pri:0, instance:org.test.InstallerSetup@6572421]" started-at="2023-04-20T12:51:50 IST" name="launch" finished-at="2023-04-20T12:51:55 IST" duration-ms="5137" status="PASS">
          <reporter-output>
          </reporter-output>
        </test-method> <!-- launch -->
        <test-method signature="TC09()[pri:0, instance:org.test.InstallerSetup@6572421]" started-at="2023-04-20T12:51:55 IST" name="TC09" finished-at="2023-04-20T12:52:12 IST" duration-ms="16829" status="PASS">
          <reporter-output>
          </reporter-output>
        </test-method> <!-- TC09 -->
        <test-method is-config="true" signature="close()[pri:0, instance:org.test.InstallerSetup@6572421]" started-at="2023-04-20T12:52:12 IST" name="close" finished-at="2023-04-20T12:52:12 IST" duration-ms="339" status="PASS">
          <reporter-output>
          </reporter-output>
        </test-method> <!-- close -->
        <test-method is-config="true" signature="launch()[pri:0, instance:org.test.InstallerSetup@6572421]" started-at="2023-04-20T12:52:12 IST" name="launch" finished-at="2023-04-20T12:52:18 IST" duration-ms="5627" status="PASS">
          <reporter-output>
          </reporter-output>
        </test-method> <!-- launch -->
        <test-method signature="TC10()[pri:0, instance:org.test.InstallerSetup@6572421]" started-at="2023-04-20T12:52:18 IST" name="TC10" finished-at="2023-04-20T12:52:34 IST" duration-ms="15625" status="PASS">
          <reporter-output>
          </reporter-output>
        </test-method> <!-- TC10 -->
        <test-method is-config="true" signature="close()[pri:0, instance:org.test.InstallerSetup@6572421]" started-at="2023-04-20T12:52:34 IST" name="close" finished-at="2023-04-20T12:52:34 IST" duration-ms="368" status="PASS">
          <reporter-output>
          </reporter-output>
        </test-method> <!-- close -->
        <test-method is-config="true" signature="launch()[pri:0, instance:org.test.InstallerSetup@6572421]" started-at="2023-04-20T12:52:34 IST" name="launch" finished-at="2023-04-20T12:52:39 IST" duration-ms="4937" status="PASS">
          <reporter-output>
          </reporter-output>
        </test-method> <!-- launch -->
        <test-method signature="TC11()[pri:0, instance:org.test.InstallerSetup@6572421]" started-at="2023-04-20T12:52:39 IST" name="TC11" finished-at="2023-04-20T12:52:55 IST" duration-ms="15786" status="PASS">
          <reporter-output>
          </reporter-output>
        </test-method> <!-- TC11 -->
        <test-method is-config="true" signature="close()[pri:0, instance:org.test.InstallerSetup@6572421]" started-at="2023-04-20T12:52:55 IST" name="close" finished-at="2023-04-20T12:52:55 IST" duration-ms="533" status="PASS">
          <reporter-output>
          </reporter-output>
        </test-method> <!-- close -->
        <test-method is-config="true" signature="launch()[pri:0, instance:org.test.InstallerSetup@6572421]" started-at="2023-04-20T12:52:55 IST" name="launch" finished-at="2023-04-20T12:53:00 IST" duration-ms="5273" status="PASS">
          <reporter-output>
          </reporter-output>
        </test-method> <!-- launch -->
        <test-method signature="TC12()[pri:0, instance:org.test.InstallerSetup@6572421]" started-at="2023-04-20T12:53:00 IST" name="TC12" finished-at="2023-04-20T12:53:18 IST" duration-ms="17673" status="PASS">
          <reporter-output>
          </reporter-output>
        </test-method> <!-- TC12 -->
        <test-method is-config="true" signature="close()[pri:0, instance:org.test.InstallerSetup@6572421]" started-at="2023-04-20T12:53:18 IST" name="close" finished-at="2023-04-20T12:53:19 IST" duration-ms="483" status="PASS">
          <reporter-output>
          </reporter-output>
        </test-method> <!-- close -->
        <test-method is-config="true" signature="launch()[pri:0, instance:org.test.InstallerSetup@6572421]" started-at="2023-04-20T12:53:19 IST" name="launch" finished-at="2023-04-20T12:53:23 IST" duration-ms="4834" status="PASS">
          <reporter-output>
          </reporter-output>
        </test-method> <!-- launch -->
        <test-method signature="TC13()[pri:0, instance:org.test.InstallerSetup@6572421]" started-at="2023-04-20T12:53:23 IST" name="TC13" finished-at="2023-04-20T12:53:39 IST" duration-ms="15141" status="PASS">
          <reporter-output>
          </reporter-output>
        </test-method> <!-- TC13 -->
        <test-method is-config="true" signature="close()[pri:0, instance:org.test.InstallerSetup@6572421]" started-at="2023-04-20T12:53:39 IST" name="close" finished-at="2023-04-20T12:53:39 IST" duration-ms="349" status="PASS">
          <reporter-output>
          </reporter-output>
        </test-method> <!-- close -->
        <test-method is-config="true" signature="launch()[pri:0, instance:org.test.InstallerSetup@6572421]" started-at="2023-04-20T12:53:39 IST" name="launch" finished-at="2023-04-20T12:53:44 IST" duration-ms="5000" status="PASS">
          <reporter-output>
          </reporter-output>
        </test-method> <!-- launch -->
        <test-method signature="TC14()[pri:0, instance:org.test.InstallerSetup@6572421]" started-at="2023-04-20T12:53:44 IST" name="TC14" finished-at="2023-04-20T12:53:57 IST" duration-ms="12653" status="PASS">
          <reporter-output>
          </reporter-output>
        </test-method> <!-- TC14 -->
        <test-method is-config="true" signature="close()[pri:0, instance:org.test.InstallerSetup@6572421]" started-at="2023-04-20T12:53:57 IST" name="close" finished-at="2023-04-20T12:53:57 IST" duration-ms="550" status="PASS">
          <reporter-output>
          </reporter-output>
        </test-method> <!-- close -->
        <test-method is-config="true" signature="launch()[pri:0, instance:org.test.InstallerSetup@6572421]" started-at="2023-04-20T12:53:57 IST" name="launch" finished-at="2023-04-20T12:54:03 IST" duration-ms="5706" status="PASS">
          <reporter-output>
          </reporter-output>
        </test-method> <!-- launch -->
        <test-method signature="TC15()[pri:0, instance:org.test.InstallerSetup@6572421]" started-at="2023-04-20T12:54:03 IST" name="TC15" finished-at="2023-04-20T12:54:15 IST" duration-ms="12418" status="PASS">
          <reporter-output>
          </reporter-output>
        </test-method> <!-- TC15 -->
        <test-method is-config="true" signature="close()[pri:0, instance:org.test.InstallerSetup@6572421]" started-at="2023-04-20T12:54:15 IST" name="close" finished-at="2023-04-20T12:54:16 IST" duration-ms="366" status="PASS">
          <reporter-output>
          </reporter-output>
        </test-method> <!-- close -->
        <test-method is-config="true" signature="launch()[pri:0, instance:org.test.InstallerSetup@6572421]" started-at="2023-04-20T12:54:16 IST" name="launch" finished-at="2023-04-20T12:54:21 IST" duration-ms="4988" status="PASS">
          <reporter-output>
          </reporter-output>
        </test-method> <!-- launch -->
        <test-method signature="TC16()[pri:0, instance:org.test.InstallerSetup@6572421]" started-at="2023-04-20T12:54:21 IST" name="TC16" finished-at="2023-04-20T12:54:32 IST" duration-ms="11909" status="PASS">
          <reporter-output>
          </reporter-output>
        </test-method> <!-- TC16 -->
        <test-method is-config="true" signature="close()[pri:0, instance:org.test.InstallerSetup@6572421]" started-at="2023-04-20T12:54:32 IST" name="close" finished-at="2023-04-20T12:54:33 IST" duration-ms="383" status="PASS">
          <reporter-output>
          </reporter-output>
        </test-method> <!-- close -->
        <test-method is-config="true" signature="launch()[pri:0, instance:org.test.InstallerSetup@6572421]" started-at="2023-04-20T12:54:33 IST" name="launch" finished-at="2023-04-20T12:54:38 IST" duration-ms="4800" status="PASS">
          <reporter-output>
          </reporter-output>
        </test-method> <!-- launch -->
        <test-method signature="TC17()[pri:0, instance:org.test.InstallerSetup@6572421]" started-at="2023-04-20T12:54:38 IST" name="TC17" finished-at="2023-04-20T12:54:49 IST" duration-ms="11438" status="PASS">
          <reporter-output>
          </reporter-output>
        </test-method> <!-- TC17 -->
        <test-method is-config="true" signature="close()[pri:0, instance:org.test.InstallerSetup@6572421]" started-at="2023-04-20T12:54:49 IST" name="close" finished-at="2023-04-20T12:54:49 IST" duration-ms="375" status="PASS">
          <reporter-output>
          </reporter-output>
        </test-method> <!-- close -->
        <test-method is-config="true" signature="launch()[pri:0, instance:org.test.InstallerSetup@6572421]" started-at="2023-04-20T12:54:49 IST" name="launch" finished-at="2023-04-20T12:54:54 IST" duration-ms="4844" status="PASS">
          <reporter-output>
          </reporter-output>
        </test-method> <!-- launch -->
        <test-method signature="TC18()[pri:0, instance:org.test.InstallerSetup@6572421]" started-at="2023-04-20T12:54:54 IST" name="TC18" finished-at="2023-04-20T12:55:06 IST" duration-ms="11522" status="PASS">
          <reporter-output>
          </reporter-output>
        </test-method> <!-- TC18 -->
        <test-method is-config="true" signature="close()[pri:0, instance:org.test.InstallerSetup@6572421]" started-at="2023-04-20T12:55:06 IST" name="close" finished-at="2023-04-20T12:55:06 IST" duration-ms="614" status="PASS">
          <reporter-output>
          </reporter-output>
        </test-method> <!-- close -->
        <test-method is-config="true" signature="launch()[pri:0, instance:org.test.InstallerSetup@6572421]" started-at="2023-04-20T12:55:06 IST" name="launch" finished-at="2023-04-20T12:55:11 IST" duration-ms="4995" status="PASS">
          <reporter-output>
          </reporter-output>
        </test-method> <!-- launch -->
        <test-method signature="TC19()[pri:0, instance:org.test.InstallerSetup@6572421]" started-at="2023-04-20T12:55:11 IST" name="TC19" finished-at="2023-04-20T12:55:21 IST" duration-ms="9340" status="PASS">
          <reporter-output>
          </reporter-output>
        </test-method> <!-- TC19 -->
        <test-method is-config="true" signature="close()[pri:0, instance:org.test.InstallerSetup@6572421]" started-at="2023-04-20T12:55:21 IST" name="close" finished-at="2023-04-20T12:55:21 IST" duration-ms="264" status="PASS">
          <reporter-output>
          </reporter-output>
        </test-method> <!-- close -->
        <test-method is-config="true" signature="launch()[pri:0, instance:org.test.InstallerSetup@6572421]" started-at="2023-04-20T12:55:21 IST" name="launch" finished-at="2023-04-20T12:55:26 IST" duration-ms="5267" status="PASS">
          <reporter-output>
          </reporter-output>
        </test-method> <!-- launch -->
        <test-method signature="TC20()[pri:0, instance:org.test.InstallerSetup@6572421]" started-at="2023-04-20T12:55:26 IST" name="TC20" finished-at="2023-04-20T12:55:36 IST" duration-ms="9375" status="PASS">
          <reporter-output>
          </reporter-output>
        </test-method> <!-- TC20 -->
        <test-method is-config="true" signature="close()[pri:0, instance:org.test.InstallerSetup@6572421]" started-at="2023-04-20T12:55:36 IST" name="close" finished-at="2023-04-20T12:55:36 IST" duration-ms="315" status="PASS">
          <reporter-output>
          </reporter-output>
        </test-method> <!-- close -->
        <test-method is-config="true" signature="launch()[pri:0, instance:org.test.InstallerSetup@6572421]" started-at="2023-04-20T12:55:36 IST" name="launch" finished-at="2023-04-20T12:55:41 IST" duration-ms="4881" status="PASS">
          <reporter-output>
          </reporter-output>
        </test-method> <!-- launch -->
        <test-method signature="TC21()[pri:0, instance:org.test.InstallerSetup@6572421]" started-at="2023-04-20T12:55:41 IST" name="TC21" finished-at="2023-04-20T12:55:58 IST" duration-ms="17405" status="PASS">
          <reporter-output>
          </reporter-output>
        </test-method> <!-- TC21 -->
        <test-method is-config="true" signature="close()[pri:0, instance:org.test.InstallerSetup@6572421]" started-at="2023-04-20T12:55:58 IST" name="close" finished-at="2023-04-20T12:55:59 IST" duration-ms="362" status="PASS">
          <reporter-output>
          </reporter-output>
        </test-method> <!-- close -->
        <test-method is-config="true" signature="launch()[pri:0, instance:org.test.InstallerSetup@6572421]" started-at="2023-04-20T12:55:59 IST" name="launch" finished-at="2023-04-20T12:56:04 IST" duration-ms="5718" status="PASS">
          <reporter-output>
          </reporter-output>
        </test-method> <!-- launch -->
        <test-method signature="TC22()[pri:0, instance:org.test.InstallerSetup@6572421]" started-at="2023-04-20T12:56:04 IST" name="TC22" finished-at="2023-04-20T12:56:19 IST" duration-ms="14303" status="PASS">
          <reporter-output>
          </reporter-output>
        </test-method> <!-- TC22 -->
        <test-method is-config="true" signature="close()[pri:0, instance:org.test.InstallerSetup@6572421]" started-at="2023-04-20T12:56:19 IST" name="close" finished-at="2023-04-20T12:56:19 IST" duration-ms="298" status="PASS">
          <reporter-output>
          </reporter-output>
        </test-method> <!-- close -->
        <test-method is-config="true" signature="launch()[pri:0, instance:org.test.InstallerSetup@6572421]" started-at="2023-04-20T12:56:19 IST" name="launch" finished-at="2023-04-20T12:56:24 IST" duration-ms="4795" status="PASS">
          <reporter-output>
          </reporter-output>
        </test-method> <!-- launch -->
        <test-method signature="TC23()[pri:0, instance:org.test.InstallerSetup@6572421]" started-at="2023-04-20T12:56:24 IST" name="TC23" finished-at="2023-04-20T12:56:39 IST" duration-ms="15500" status="PASS">
          <reporter-output>
          </reporter-output>
        </test-method> <!-- TC23 -->
        <test-method is-config="true" signature="close()[pri:0, instance:org.test.InstallerSetup@6572421]" started-at="2023-04-20T12:56:39 IST" name="close" finished-at="2023-04-20T12:56:40 IST" duration-ms="326" status="PASS">
          <reporter-output>
          </reporter-output>
        </test-method> <!-- close -->
        <test-method is-config="true" signature="launch()[pri:0, instance:org.test.InstallerSetup@6572421]" started-at="2023-04-20T12:56:40 IST" name="launch" finished-at="2023-04-20T12:56:45 IST" duration-ms="5263" status="PASS">
          <reporter-output>
          </reporter-output>
        </test-method> <!-- launch -->
        <test-method signature="TC24()[pri:0, instance:org.test.InstallerSetup@6572421]" started-at="2023-04-20T12:56:45 IST" name="TC24" finished-at="2023-04-20T12:56:58 IST" duration-ms="13001" status="PASS">
          <reporter-output>
          </reporter-output>
        </test-method> <!-- TC24 -->
        <test-method is-config="true" signature="close()[pri:0, instance:org.test.InstallerSetup@6572421]" started-at="2023-04-20T12:56:58 IST" name="close" finished-at="2023-04-20T12:56:58 IST" duration-ms="272" status="PASS">
          <reporter-output>
          </reporter-output>
        </test-method> <!-- close -->
        <test-method is-config="true" signature="launch()[pri:0, instance:org.test.InstallerSetup@6572421]" started-at="2023-04-20T12:56:58 IST" name="launch" finished-at="2023-04-20T12:57:05 IST" duration-ms="6921" status="PASS">
          <reporter-output>
          </reporter-output>
        </test-method> <!-- launch -->
        <test-method signature="TC25()[pri:0, instance:org.test.InstallerSetup@6572421]" started-at="2023-04-20T12:57:05 IST" name="TC25" finished-at="2023-04-20T12:57:21 IST" duration-ms="15428" status="PASS">
          <reporter-output>
          </reporter-output>
        </test-method> <!-- TC25 -->
        <test-method is-config="true" signature="close()[pri:0, instance:org.test.InstallerSetup@6572421]" started-at="2023-04-20T12:57:21 IST" name="close" finished-at="2023-04-20T12:57:21 IST" duration-ms="319" status="PASS">
          <reporter-output>
          </reporter-output>
        </test-method> <!-- close -->
        <test-method is-config="true" signature="launch()[pri:0, instance:org.test.InstallerSetup@6572421]" started-at="2023-04-20T12:57:21 IST" name="launch" finished-at="2023-04-20T12:57:27 IST" duration-ms="5769" status="PASS">
          <reporter-output>
          </reporter-output>
        </test-method> <!-- launch -->
        <test-method signature="TC26()[pri:0, instance:org.test.InstallerSetup@6572421]" started-at="2023-04-20T12:57:27 IST" name="TC26" finished-at="2023-04-20T12:57:38 IST" duration-ms="10929" status="PASS">
          <reporter-output>
          </reporter-output>
        </test-method> <!-- TC26 -->
        <test-method is-config="true" signature="close()[pri:0, instance:org.test.InstallerSetup@6572421]" started-at="2023-04-20T12:57:38 IST" name="close" finished-at="2023-04-20T12:57:38 IST" duration-ms="328" status="PASS">
          <reporter-output>
          </reporter-output>
        </test-method> <!-- close -->
        <test-method is-config="true" signature="launch()[pri:0, instance:org.test.InstallerSetup@6572421]" started-at="2023-04-20T12:57:38 IST" name="launch" finished-at="2023-04-20T12:57:43 IST" duration-ms="5542" status="PASS">
          <reporter-output>
          </reporter-output>
        </test-method> <!-- launch -->
        <test-method signature="TC27()[pri:0, instance:org.test.InstallerSetup@6572421]" started-at="2023-04-20T12:57:43 IST" name="TC27" finished-at="2023-04-20T12:57:54 IST" duration-ms="10569" status="PASS">
          <reporter-output>
          </reporter-output>
        </test-method> <!-- TC27 -->
        <test-method is-config="true" signature="close()[pri:0, instance:org.test.InstallerSetup@6572421]" started-at="2023-04-20T12:57:54 IST" name="close" finished-at="2023-04-20T12:57:54 IST" duration-ms="333" status="PASS">
          <reporter-output>
          </reporter-output>
        </test-method> <!-- close -->
        <test-method is-config="true" signature="launch()[pri:0, instance:org.test.InstallerSetup@6572421]" started-at="2023-04-20T12:57:54 IST" name="launch" finished-at="2023-04-20T12:58:00 IST" duration-ms="5318" status="PASS">
          <reporter-output>
          </reporter-output>
        </test-method> <!-- launch -->
        <test-method signature="TC28()[pri:0, instance:org.test.InstallerSetup@6572421]" started-at="2023-04-20T12:58:00 IST" name="TC28" finished-at="2023-04-20T12:58:12 IST" duration-ms="11964" status="PASS">
          <reporter-output>
          </reporter-output>
        </test-method> <!-- TC28 -->
        <test-method is-config="true" signature="close()[pri:0, instance:org.test.InstallerSetup@6572421]" started-at="2023-04-20T12:58:12 IST" name="close" finished-at="2023-04-20T12:58:12 IST" duration-ms="357" status="PASS">
          <reporter-output>
          </reporter-output>
        </test-method> <!-- close -->
        <test-method is-config="true" signature="launch()[pri:0, instance:org.test.InstallerSetup@6572421]" started-at="2023-04-20T12:58:12 IST" name="launch" finished-at="2023-04-20T12:58:17 IST" duration-ms="5253" status="PASS">
          <reporter-output>
          </reporter-output>
        </test-method> <!-- launch -->
        <test-method signature="TC29()[pri:0, instance:org.test.InstallerSetup@6572421]" started-at="2023-04-20T12:58:17 IST" name="TC29" finished-at="2023-04-20T12:58:28 IST" duration-ms="11154" status="PASS">
          <reporter-output>
          </reporter-output>
        </test-method> <!-- TC29 -->
        <test-method is-config="true" signature="close()[pri:0, instance:org.test.InstallerSetup@6572421]" started-at="2023-04-20T12:58:28 IST" name="close" finished-at="2023-04-20T12:58:29 IST" duration-ms="377" status="PASS">
          <reporter-output>
          </reporter-output>
        </test-method> <!-- close -->
        <test-method is-config="true" signature="launch()[pri:0, instance:org.test.InstallerSetup@6572421]" started-at="2023-04-20T12:58:29 IST" name="launch" finished-at="2023-04-20T12:58:35 IST" duration-ms="5843" status="PASS">
          <reporter-output>
          </reporter-output>
        </test-method> <!-- launch -->
        <test-method signature="TC30()[pri:0, instance:org.test.InstallerSetup@6572421]" started-at="2023-04-20T12:58:35 IST" name="TC30" finished-at="2023-04-20T12:58:45 IST" duration-ms="10838" status="PASS">
          <reporter-output>
          </reporter-output>
        </test-method> <!-- TC30 -->
        <test-method is-config="true" signature="close()[pri:0, instance:org.test.InstallerSetup@6572421]" started-at="2023-04-20T12:58:45 IST" name="close" finished-at="2023-04-20T12:58:46 IST" duration-ms="369" status="PASS">
          <reporter-output>
          </reporter-output>
        </test-method> <!-- close -->
        <test-method is-config="true" signature="launch()[pri:0, instance:org.test.InstallerSetup@6572421]" started-at="2023-04-20T12:58:46 IST" name="launch" finished-at="2023-04-20T12:58:50 IST" duration-ms="4684" status="PASS">
          <reporter-output>
          </reporter-output>
        </test-method> <!-- launch -->
        <test-method signature="TC31()[pri:0, instance:org.test.InstallerSetup@6572421]" started-at="2023-04-20T12:58:50 IST" name="TC31" finished-at="2023-04-20T12:59:01 IST" duration-ms="10744" status="PASS">
          <reporter-output>
          </reporter-output>
        </test-method> <!-- TC31 -->
        <test-method is-config="true" signature="close()[pri:0, instance:org.test.InstallerSetup@6572421]" started-at="2023-04-20T12:59:01 IST" name="close" finished-at="2023-04-20T12:59:01 IST" duration-ms="284" status="PASS">
          <reporter-output>
          </reporter-output>
        </test-method> <!-- close -->
        <test-method is-config="true" signature="launch()[pri:0, instance:org.test.InstallerSetup@6572421]" started-at="2023-04-20T12:59:01 IST" name="launch" finished-at="2023-04-20T12:59:07 IST" duration-ms="5069" status="PASS">
          <reporter-output>
          </reporter-output>
        </test-method> <!-- launch -->
        <test-method signature="TC32()[pri:0, instance:org.test.InstallerSetup@6572421]" started-at="2023-04-20T12:59:07 IST" name="TC32" finished-at="2023-04-20T12:59:16 IST" duration-ms="9802" status="PASS">
          <reporter-output>
          </reporter-output>
        </test-method> <!-- TC32 -->
        <test-method is-config="true" signature="close()[pri:0, instance:org.test.InstallerSetup@6572421]" started-at="2023-04-20T12:59:16 IST" name="close" finished-at="2023-04-20T12:59:17 IST" duration-ms="387" status="PASS">
          <reporter-output>
          </reporter-output>
        </test-method> <!-- close -->
        <test-method is-config="true" signature="launch()[pri:0, instance:org.test.InstallerSetup@6572421]" started-at="2023-04-20T12:59:17 IST" name="launch" finished-at="2023-04-20T12:59:22 IST" duration-ms="5260" status="PASS">
          <reporter-output>
          </reporter-output>
        </test-method> <!-- launch -->
        <test-method signature="TC33()[pri:0, instance:org.test.InstallerSetup@6572421]" started-at="2023-04-20T12:59:22 IST" name="TC33" finished-at="2023-04-20T12:59:32 IST" duration-ms="10243" status="PASS">
          <reporter-output>
          </reporter-output>
        </test-method> <!-- TC33 -->
        <test-method is-config="true" signature="close()[pri:0, instance:org.test.InstallerSetup@6572421]" started-at="2023-04-20T12:59:32 IST" name="close" finished-at="2023-04-20T12:59:33 IST" duration-ms="291" status="PASS">
          <reporter-output>
          </reporter-output>
        </test-method> <!-- close -->
        <test-method is-config="true" signature="launch()[pri:0, instance:org.test.InstallerSetup@6572421]" started-at="2023-04-20T12:59:33 IST" name="launch" finished-at="2023-04-20T12:59:38 IST" duration-ms="5222" status="PASS">
          <reporter-output>
          </reporter-output>
        </test-method> <!-- launch -->
        <test-method signature="TC34()[pri:0, instance:org.test.InstallerSetup@6572421]" started-at="2023-04-20T12:59:38 IST" name="TC34" finished-at="2023-04-20T12:59:49 IST" duration-ms="11691" status="PASS">
          <reporter-output>
          </reporter-output>
        </test-method> <!-- TC34 -->
        <test-method is-config="true" signature="close()[pri:0, instance:org.test.InstallerSetup@6572421]" started-at="2023-04-20T12:59:49 IST" name="close" finished-at="2023-04-20T12:59:50 IST" duration-ms="226" status="PASS">
          <reporter-output>
          </reporter-output>
        </test-method> <!-- close -->
        <test-method is-config="true" signature="launch()[pri:0, instance:org.test.InstallerSetup@6572421]" started-at="2023-04-20T12:59:50 IST" name="launch" finished-at="2023-04-20T12:59:55 IST" duration-ms="4880" status="PASS">
          <reporter-output>
          </reporter-output>
        </test-method> <!-- launch -->
        <test-method signature="TC35()[pri:0, instance:org.test.InstallerSetup@6572421]" started-at="2023-04-20T12:59:55 IST" name="TC35" finished-at="2023-04-20T13:00:06 IST" duration-ms="11464" status="PASS">
          <reporter-output>
          </reporter-output>
        </test-method> <!-- TC35 -->
        <test-method is-config="true" signature="close()[pri:0, instance:org.test.InstallerSetup@6572421]" started-at="2023-04-20T13:00:06 IST" name="close" finished-at="2023-04-20T13:00:06 IST" duration-ms="306" status="PASS">
          <reporter-output>
          </reporter-output>
        </test-method> <!-- close -->
        <test-method is-config="true" signature="launch()[pri:0, instance:org.test.InstallerSetup@6572421]" started-at="2023-04-20T13:00:06 IST" name="launch" finished-at="2023-04-20T13:00:11 IST" duration-ms="4885" status="PASS">
          <reporter-output>
          </reporter-output>
        </test-method> <!-- launch -->
        <test-method signature="TC36()[pri:0, instance:org.test.InstallerSetup@6572421]" started-at="2023-04-20T13:00:11 IST" name="TC36" finished-at="2023-04-20T13:00:21 IST" duration-ms="10116" status="PASS">
          <reporter-output>
          </reporter-output>
        </test-method> <!-- TC36 -->
        <test-method is-config="true" signature="close()[pri:0, instance:org.test.InstallerSetup@6572421]" started-at="2023-04-20T13:00:21 IST" name="close" finished-at="2023-04-20T13:00:22 IST" duration-ms="246" status="PASS">
          <reporter-output>
          </reporter-output>
        </test-method> <!-- close -->
      </class> <!-- org.test.InstallerSetup -->
      <class name="org.test.CustomerListSetup">
        <test-method is-config="true" signature="launch()[pri:0, instance:org.test.CustomerListSetup@6b81ce95]" started-at="2023-04-20T13:00:22 IST" name="launch" finished-at="2023-04-20T13:00:27 IST" duration-ms="5006" status="PASS">
          <reporter-output>
          </reporter-output>
        </test-method> <!-- launch -->
        <test-method signature="TC01()[pri:0, instance:org.test.CustomerListSetup@6b81ce95]" started-at="2023-04-20T13:00:27 IST" name="TC01" finished-at="2023-04-20T13:00:41 IST" duration-ms="14585" status="PASS">
          <reporter-output>
          </reporter-output>
        </test-method> <!-- TC01 -->
        <test-method is-config="true" signature="close()[pri:0, instance:org.test.CustomerListSetup@6b81ce95]" started-at="2023-04-20T13:00:41 IST" name="close" finished-at="2023-04-20T13:00:41 IST" duration-ms="310" status="PASS">
          <reporter-output>
          </reporter-output>
        </test-method> <!-- close -->
        <test-method is-config="true" signature="launch()[pri:0, instance:org.test.CustomerListSetup@6b81ce95]" started-at="2023-04-20T13:00:41 IST" name="launch" finished-at="2023-04-20T13:00:47 IST" duration-ms="5213" status="PASS">
          <reporter-output>
          </reporter-output>
        </test-method> <!-- launch -->
        <test-method signature="TC02()[pri:0, instance:org.test.CustomerListSetup@6b81ce95]" started-at="2023-04-20T13:00:47 IST" name="TC02" finished-at="2023-04-20T13:01:00 IST" duration-ms="13198" status="PASS">
          <reporter-output>
          </reporter-output>
        </test-method> <!-- TC02 -->
        <test-method is-config="true" signature="close()[pri:0, instance:org.test.CustomerListSetup@6b81ce95]" started-at="2023-04-20T13:01:00 IST" name="close" finished-at="2023-04-20T13:01:00 IST" duration-ms="325" status="PASS">
          <reporter-output>
          </reporter-output>
        </test-method> <!-- close -->
        <test-method is-config="true" signature="launch()[pri:0, instance:org.test.CustomerListSetup@6b81ce95]" started-at="2023-04-20T13:01:00 IST" name="launch" finished-at="2023-04-20T13:01:05 IST" duration-ms="4762" status="PASS">
          <reporter-output>
          </reporter-output>
        </test-method> <!-- launch -->
        <test-method signature="TC03()[pri:0, instance:org.test.CustomerListSetup@6b81ce95]" started-at="2023-04-20T13:01:05 IST" name="TC03" finished-at="2023-04-20T13:01:18 IST" duration-ms="12656" status="PASS">
          <reporter-output>
          </reporter-output>
        </test-method> <!-- TC03 -->
        <test-method is-config="true" signature="close()[pri:0, instance:org.test.CustomerListSetup@6b81ce95]" started-at="2023-04-20T13:01:18 IST" name="close" finished-at="2023-04-20T13:01:18 IST" duration-ms="344" status="PASS">
          <reporter-output>
          </reporter-output>
        </test-method> <!-- close -->
        <test-method is-config="true" signature="launch()[pri:0, instance:org.test.CustomerListSetup@6b81ce95]" started-at="2023-04-20T13:01:18 IST" name="launch" finished-at="2023-04-20T13:01:23 IST" duration-ms="4987" status="PASS">
          <reporter-output>
          </reporter-output>
        </test-method> <!-- launch -->
        <test-method signature="TC04()[pri:0, instance:org.test.CustomerListSetup@6b81ce95]" started-at="2023-04-20T13:01:23 IST" name="TC04" finished-at="2023-04-20T13:01:38 IST" duration-ms="15408" status="PASS">
          <reporter-output>
          </reporter-output>
        </test-method> <!-- TC04 -->
        <test-method is-config="true" signature="close()[pri:0, instance:org.test.CustomerListSetup@6b81ce95]" started-at="2023-04-20T13:01:38 IST" name="close" finished-at="2023-04-20T13:01:39 IST" duration-ms="322" status="PASS">
          <reporter-output>
          </reporter-output>
        </test-method> <!-- close -->
        <test-method is-config="true" signature="launch()[pri:0, instance:org.test.CustomerListSetup@6b81ce95]" started-at="2023-04-20T13:01:39 IST" name="launch" finished-at="2023-04-20T13:01:43 IST" duration-ms="4643" status="PASS">
          <reporter-output>
          </reporter-output>
        </test-method> <!-- launch -->
        <test-method signature="TC05()[pri:0, instance:org.test.CustomerListSetup@6b81ce95]" started-at="2023-04-20T13:01:43 IST" name="TC05" finished-at="2023-04-20T13:01:55 IST" duration-ms="11887" status="PASS">
          <reporter-output>
          </reporter-output>
        </test-method> <!-- TC05 -->
        <test-method is-config="true" signature="close()[pri:0, instance:org.test.CustomerListSetup@6b81ce95]" started-at="2023-04-20T13:01:55 IST" name="close" finished-at="2023-04-20T13:01:56 IST" duration-ms="711" status="PASS">
          <reporter-output>
          </reporter-output>
        </test-method> <!-- close -->
        <test-method is-config="true" signature="launch()[pri:0, instance:org.test.CustomerListSetup@6b81ce95]" started-at="2023-04-20T13:01:56 IST" name="launch" finished-at="2023-04-20T13:02:01 IST" duration-ms="4961" status="PASS">
          <reporter-output>
          </reporter-output>
        </test-method> <!-- launch -->
        <test-method signature="TC06()[pri:0, instance:org.test.CustomerListSetup@6b81ce95]" started-at="2023-04-20T13:02:01 IST" name="TC06" finished-at="2023-04-20T13:02:14 IST" duration-ms="12611" status="PASS">
          <reporter-output>
          </reporter-output>
        </test-method> <!-- TC06 -->
        <test-method is-config="true" signature="close()[pri:0, instance:org.test.CustomerListSetup@6b81ce95]" started-at="2023-04-20T13:02:14 IST" name="close" finished-at="2023-04-20T13:02:14 IST" duration-ms="312" status="PASS">
          <reporter-output>
          </reporter-output>
        </test-method> <!-- close -->
        <test-method is-config="true" signature="launch()[pri:0, instance:org.test.CustomerListSetup@6b81ce95]" started-at="2023-04-20T13:02:14 IST" name="launch" finished-at="2023-04-20T13:02:19 IST" duration-ms="5109" status="PASS">
          <reporter-output>
          </reporter-output>
        </test-method> <!-- launch -->
        <test-method signature="TC07()[pri:0, instance:org.test.CustomerListSetup@6b81ce95]" started-at="2023-04-20T13:02:19 IST" name="TC07" finished-at="2023-04-20T13:02:32 IST" duration-ms="13468" status="PASS">
          <reporter-output>
          </reporter-output>
        </test-method> <!-- TC07 -->
        <test-method is-config="true" signature="close()[pri:0, instance:org.test.CustomerListSetup@6b81ce95]" started-at="2023-04-20T13:02:32 IST" name="close" finished-at="2023-04-20T13:02:33 IST" duration-ms="282" status="PASS">
          <reporter-output>
          </reporter-output>
        </test-method> <!-- close -->
        <test-method is-config="true" signature="launch()[pri:0, instance:org.test.CustomerListSetup@6b81ce95]" started-at="2023-04-20T13:02:33 IST" name="launch" finished-at="2023-04-20T13:02:38 IST" duration-ms="5084" status="PASS">
          <reporter-output>
          </reporter-output>
        </test-method> <!-- launch -->
        <test-method signature="TC08()[pri:0, instance:org.test.CustomerListSetup@6b81ce95]" started-at="2023-04-20T13:02:38 IST" name="TC08" finished-at="2023-04-20T13:02:54 IST" duration-ms="15973" status="PASS">
          <reporter-output>
          </reporter-output>
        </test-method> <!-- TC08 -->
        <test-method is-config="true" signature="close()[pri:0, instance:org.test.CustomerListSetup@6b81ce95]" started-at="2023-04-20T13:02:54 IST" name="close" finished-at="2023-04-20T13:02:54 IST" duration-ms="490" status="PASS">
          <reporter-output>
          </reporter-output>
        </test-method> <!-- close -->
        <test-method is-config="true" signature="launch()[pri:0, instance:org.test.CustomerListSetup@6b81ce95]" started-at="2023-04-20T13:02:54 IST" name="launch" finished-at="2023-04-20T13:03:00 IST" duration-ms="5386" status="PASS">
          <reporter-output>
          </reporter-output>
        </test-method> <!-- launch -->
        <test-method signature="TC09()[pri:0, instance:org.test.CustomerListSetup@6b81ce95]" started-at="2023-04-20T13:03:00 IST" name="TC09" finished-at="2023-04-20T13:03:14 IST" duration-ms="14370" status="PASS">
          <reporter-output>
          </reporter-output>
        </test-method> <!-- TC09 -->
        <test-method is-config="true" signature="close()[pri:0, instance:org.test.CustomerListSetup@6b81ce95]" started-at="2023-04-20T13:03:14 IST" name="close" finished-at="2023-04-20T13:03:14 IST" duration-ms="448" status="PASS">
          <reporter-output>
          </reporter-output>
        </test-method> <!-- close -->
        <test-method is-config="true" signature="launch()[pri:0, instance:org.test.CustomerListSetup@6b81ce95]" started-at="2023-04-20T13:03:14 IST" name="launch" finished-at="2023-04-20T13:03:20 IST" duration-ms="5146" status="PASS">
          <reporter-output>
          </reporter-output>
        </test-method> <!-- launch -->
        <test-method signature="TC10()[pri:0, instance:org.test.CustomerListSetup@6b81ce95]" started-at="2023-04-20T13:03:20 IST" name="TC10" finished-at="2023-04-20T13:03:35 IST" duration-ms="15562" status="PASS">
          <reporter-output>
          </reporter-output>
        </test-method> <!-- TC10 -->
        <test-method is-config="true" signature="close()[pri:0, instance:org.test.CustomerListSetup@6b81ce95]" started-at="2023-04-20T13:03:35 IST" name="close" finished-at="2023-04-20T13:03:36 IST" duration-ms="548" status="PASS">
          <reporter-output>
          </reporter-output>
        </test-method> <!-- close -->
        <test-method is-config="true" signature="launch()[pri:0, instance:org.test.CustomerListSetup@6b81ce95]" started-at="2023-04-20T13:03:36 IST" name="launch" finished-at="2023-04-20T13:03:41 IST" duration-ms="5229" status="PASS">
          <reporter-output>
          </reporter-output>
        </test-method> <!-- launch -->
        <test-method signature="TC11()[pri:0, instance:org.test.CustomerListSetup@6b81ce95]" started-at="2023-04-20T13:03:41 IST" name="TC11" finished-at="2023-04-20T13:03:54 IST" duration-ms="13546" status="PASS">
          <reporter-output>
          </reporter-output>
        </test-method> <!-- TC11 -->
        <test-method is-config="true" signature="close()[pri:0, instance:org.test.CustomerListSetup@6b81ce95]" started-at="2023-04-20T13:03:54 IST" name="close" finished-at="2023-04-20T13:03:55 IST" duration-ms="595" status="PASS">
          <reporter-output>
          </reporter-output>
        </test-method> <!-- close -->
        <test-method is-config="true" signature="launch()[pri:0, instance:org.test.CustomerListSetup@6b81ce95]" started-at="2023-04-20T13:03:55 IST" name="launch" finished-at="2023-04-20T13:04:00 IST" duration-ms="5170" status="PASS">
          <reporter-output>
          </reporter-output>
        </test-method> <!-- launch -->
        <test-method signature="TC12()[pri:0, instance:org.test.CustomerListSetup@6b81ce95]" started-at="2023-04-20T13:04:00 IST" name="TC12" finished-at="2023-04-20T13:04:19 IST" duration-ms="18781" status="PASS">
          <reporter-output>
          </reporter-output>
        </test-method> <!-- TC12 -->
        <test-method is-config="true" signature="close()[pri:0, instance:org.test.CustomerListSetup@6b81ce95]" started-at="2023-04-20T13:04:19 IST" name="close" finished-at="2023-04-20T13:04:19 IST" duration-ms="449" status="PASS">
          <reporter-output>
          </reporter-output>
        </test-method> <!-- close -->
        <test-method is-config="true" signature="launch()[pri:0, instance:org.test.CustomerListSetup@6b81ce95]" started-at="2023-04-20T13:04:19 IST" name="launch" finished-at="2023-04-20T13:04:25 IST" duration-ms="5434" status="PASS">
          <reporter-output>
          </reporter-output>
        </test-method> <!-- launch -->
        <test-method signature="TC13()[pri:0, instance:org.test.CustomerListSetup@6b81ce95]" started-at="2023-04-20T13:04:25 IST" name="TC13" finished-at="2023-04-20T13:04:41 IST" duration-ms="16072" status="PASS">
          <reporter-output>
          </reporter-output>
        </test-method> <!-- TC13 -->
        <test-method is-config="true" signature="close()[pri:0, instance:org.test.CustomerListSetup@6b81ce95]" started-at="2023-04-20T13:04:41 IST" name="close" finished-at="2023-04-20T13:04:41 IST" duration-ms="489" status="PASS">
          <reporter-output>
          </reporter-output>
        </test-method> <!-- close -->
        <test-method is-config="true" signature="launch()[pri:0, instance:org.test.CustomerListSetup@6b81ce95]" started-at="2023-04-20T13:04:41 IST" name="launch" finished-at="2023-04-20T13:04:47 IST" duration-ms="5318" status="PASS">
          <reporter-output>
          </reporter-output>
        </test-method> <!-- launch -->
        <test-method signature="TC14()[pri:0, instance:org.test.CustomerListSetup@6b81ce95]" started-at="2023-04-20T13:04:47 IST" name="TC14" finished-at="2023-04-20T13:05:04 IST" duration-ms="17420" status="PASS">
          <reporter-output>
          </reporter-output>
        </test-method> <!-- TC14 -->
        <test-method is-config="true" signature="close()[pri:0, instance:org.test.CustomerListSetup@6b81ce95]" started-at="2023-04-20T13:05:04 IST" name="close" finished-at="2023-04-20T13:05:05 IST" duration-ms="455" status="PASS">
          <reporter-output>
          </reporter-output>
        </test-method> <!-- close -->
        <test-method is-config="true" signature="launch()[pri:0, instance:org.test.CustomerListSetup@6b81ce95]" started-at="2023-04-20T13:05:05 IST" name="launch" finished-at="2023-04-20T13:05:10 IST" duration-ms="4981" status="PASS">
          <reporter-output>
          </reporter-output>
        </test-method> <!-- launch -->
        <test-method signature="TC15()[pri:0, instance:org.test.CustomerListSetup@6b81ce95]" started-at="2023-04-20T13:05:10 IST" name="TC15" finished-at="2023-04-20T13:05:22 IST" duration-ms="12223" status="PASS">
          <reporter-output>
          </reporter-output>
        </test-method> <!-- TC15 -->
        <test-method is-config="true" signature="close()[pri:0, instance:org.test.CustomerListSetup@6b81ce95]" started-at="2023-04-20T13:05:22 IST" name="close" finished-at="2023-04-20T13:05:22 IST" duration-ms="488" status="PASS">
          <reporter-output>
          </reporter-output>
        </test-method> <!-- close -->
        <test-method is-config="true" signature="launch()[pri:0, instance:org.test.CustomerListSetup@6b81ce95]" started-at="2023-04-20T13:05:22 IST" name="launch" finished-at="2023-04-20T13:05:27 IST" duration-ms="4835" status="PASS">
          <reporter-output>
          </reporter-output>
        </test-method> <!-- launch -->
        <test-method signature="TC16()[pri:0, instance:org.test.CustomerListSetup@6b81ce95]" started-at="2023-04-20T13:05:27 IST" name="TC16" finished-at="2023-04-20T13:05:43 IST" duration-ms="15841" status="PASS">
          <reporter-output>
          </reporter-output>
        </test-method> <!-- TC16 -->
        <test-method is-config="true" signature="close()[pri:0, instance:org.test.CustomerListSetup@6b81ce95]" started-at="2023-04-20T13:05:43 IST" name="close" finished-at="2023-04-20T13:05:44 IST" duration-ms="546" status="PASS">
          <reporter-output>
          </reporter-output>
        </test-method> <!-- close -->
        <test-method is-config="true" signature="launch()[pri:0, instance:org.test.CustomerListSetup@6b81ce95]" started-at="2023-04-20T13:05:44 IST" name="launch" finished-at="2023-04-20T13:05:49 IST" duration-ms="5178" status="PASS">
          <reporter-output>
          </reporter-output>
        </test-method> <!-- launch -->
        <test-method signature="TC17()[pri:0, instance:org.test.CustomerListSetup@6b81ce95]" started-at="2023-04-20T13:05:49 IST" name="TC17" finished-at="2023-04-20T13:06:17 IST" duration-ms="28123" status="PASS">
          <reporter-output>
          </reporter-output>
        </test-method> <!-- TC17 -->
        <test-method is-config="true" signature="close()[pri:0, instance:org.test.CustomerListSetup@6b81ce95]" started-at="2023-04-20T13:06:17 IST" name="close" finished-at="2023-04-20T13:06:18 IST" duration-ms="1109" status="PASS">
          <reporter-output>
          </reporter-output>
        </test-method> <!-- close -->
        <test-method is-config="true" signature="launch()[pri:0, instance:org.test.CustomerListSetup@6b81ce95]" started-at="2023-04-20T13:06:18 IST" name="launch" finished-at="2023-04-20T13:06:24 IST" duration-ms="5627" status="PASS">
          <reporter-output>
          </reporter-output>
        </test-method> <!-- launch -->
        <test-method signature="TC18()[pri:0, instance:org.test.CustomerListSetup@6b81ce95]" started-at="2023-04-20T13:06:24 IST" name="TC18" finished-at="2023-04-20T13:06:38 IST" duration-ms="14094" status="PASS">
          <reporter-output>
          </reporter-output>
        </test-method> <!-- TC18 -->
        <test-method is-config="true" signature="close()[pri:0, instance:org.test.CustomerListSetup@6b81ce95]" started-at="2023-04-20T13:06:38 IST" name="close" finished-at="2023-04-20T13:06:38 IST" duration-ms="501" status="PASS">
          <reporter-output>
          </reporter-output>
        </test-method> <!-- close -->
        <test-method is-config="true" signature="launch()[pri:0, instance:org.test.CustomerListSetup@6b81ce95]" started-at="2023-04-20T13:06:38 IST" name="launch" finished-at="2023-04-20T13:06:45 IST" duration-ms="6512" status="PASS">
          <reporter-output>
          </reporter-output>
        </test-method> <!-- launch -->
        <test-method signature="TC19()[pri:0, instance:org.test.CustomerListSetup@6b81ce95]" started-at="2023-04-20T13:06:45 IST" name="TC19" finished-at="2023-04-20T13:07:00 IST" duration-ms="14999" status="PASS">
          <reporter-output>
          </reporter-output>
        </test-method> <!-- TC19 -->
        <test-method is-config="true" signature="close()[pri:0, instance:org.test.CustomerListSetup@6b81ce95]" started-at="2023-04-20T13:07:00 IST" name="close" finished-at="2023-04-20T13:07:00 IST" duration-ms="404" status="PASS">
          <reporter-output>
          </reporter-output>
        </test-method> <!-- close -->
        <test-method is-config="true" signature="launch()[pri:0, instance:org.test.CustomerListSetup@6b81ce95]" started-at="2023-04-20T13:07:00 IST" name="launch" finished-at="2023-04-20T13:07:06 IST" duration-ms="6202" status="PASS">
          <reporter-output>
          </reporter-output>
        </test-method> <!-- launch -->
        <test-method signature="TC20()[pri:0, instance:org.test.CustomerListSetup@6b81ce95]" started-at="2023-04-20T13:07:06 IST" name="TC20" finished-at="2023-04-20T13:07:27 IST" duration-ms="20243" status="PASS">
          <reporter-output>
          </reporter-output>
        </test-method> <!-- TC20 -->
        <test-method is-config="true" signature="close()[pri:0, instance:org.test.CustomerListSetup@6b81ce95]" started-at="2023-04-20T13:07:27 IST" name="close" finished-at="2023-04-20T13:07:27 IST" duration-ms="494" status="PASS">
          <reporter-output>
          </reporter-output>
        </test-method> <!-- close -->
        <test-method is-config="true" signature="launch()[pri:0, instance:org.test.CustomerListSetup@6b81ce95]" started-at="2023-04-20T13:07:27 IST" name="launch" finished-at="2023-04-20T13:07:33 IST" duration-ms="6102" status="PASS">
          <reporter-output>
          </reporter-output>
        </test-method> <!-- launch -->
        <test-method signature="TC21()[pri:0, instance:org.test.CustomerListSetup@6b81ce95]" started-at="2023-04-20T13:07:33 IST" name="TC21" finished-at="2023-04-20T13:07:50 IST" duration-ms="17159" status="PASS">
          <reporter-output>
          </reporter-output>
        </test-method> <!-- TC21 -->
        <test-method is-config="true" signature="close()[pri:0, instance:org.test.CustomerListSetup@6b81ce95]" started-at="2023-04-20T13:07:50 IST" name="close" finished-at="2023-04-20T13:07:51 IST" duration-ms="328" status="PASS">
          <reporter-output>
          </reporter-output>
        </test-method> <!-- close -->
        <test-method is-config="true" signature="launch()[pri:0, instance:org.test.CustomerListSetup@6b81ce95]" started-at="2023-04-20T13:07:51 IST" name="launch" finished-at="2023-04-20T13:07:56 IST" duration-ms="5484" status="PASS">
          <reporter-output>
          </reporter-output>
        </test-method> <!-- launch -->
        <test-method signature="TC22()[pri:0, instance:org.test.CustomerListSetup@6b81ce95]" started-at="2023-04-20T13:07:56 IST" name="TC22" finished-at="2023-04-20T13:08:12 IST" duration-ms="16293" status="PASS">
          <reporter-output>
          </reporter-output>
        </test-method> <!-- TC22 -->
        <test-method is-config="true" signature="close()[pri:0, instance:org.test.CustomerListSetup@6b81ce95]" started-at="2023-04-20T13:08:12 IST" name="close" finished-at="2023-04-20T13:08:13 IST" duration-ms="544" status="PASS">
          <reporter-output>
          </reporter-output>
        </test-method> <!-- close -->
        <test-method is-config="true" signature="launch()[pri:0, instance:org.test.CustomerListSetup@6b81ce95]" started-at="2023-04-20T13:08:13 IST" name="launch" finished-at="2023-04-20T13:08:19 IST" duration-ms="5505" status="PASS">
          <reporter-output>
          </reporter-output>
        </test-method> <!-- launch -->
        <test-method signature="TC23()[pri:0, instance:org.test.CustomerListSetup@6b81ce95]" started-at="2023-04-20T13:08:19 IST" name="TC23" finished-at="2023-04-20T13:08:38 IST" duration-ms="19749" status="PASS">
          <reporter-output>
          </reporter-output>
        </test-method> <!-- TC23 -->
        <test-method is-config="true" signature="close()[pri:0, instance:org.test.CustomerListSetup@6b81ce95]" started-at="2023-04-20T13:08:38 IST" name="close" finished-at="2023-04-20T13:08:39 IST" duration-ms="741" status="PASS">
          <reporter-output>
          </reporter-output>
        </test-method> <!-- close -->
        <test-method is-config="true" signature="launch()[pri:0, instance:org.test.CustomerListSetup@6b81ce95]" started-at="2023-04-20T13:08:39 IST" name="launch" finished-at="2023-04-20T13:08:44 IST" duration-ms="4920" status="PASS">
          <reporter-output>
          </reporter-output>
        </test-method> <!-- launch -->
        <test-method signature="TC24()[pri:0, instance:org.test.CustomerListSetup@6b81ce95]" started-at="2023-04-20T13:08:44 IST" name="TC24" finished-at="2023-04-20T13:09:02 IST" duration-ms="18148" status="PASS">
          <reporter-output>
          </reporter-output>
        </test-method> <!-- TC24 -->
        <test-method is-config="true" signature="close()[pri:0, instance:org.test.CustomerListSetup@6b81ce95]" started-at="2023-04-20T13:09:02 IST" name="close" finished-at="2023-04-20T13:09:02 IST" duration-ms="358" status="PASS">
          <reporter-output>
          </reporter-output>
        </test-method> <!-- close -->
        <test-method is-config="true" signature="launch()[pri:0, instance:org.test.CustomerListSetup@6b81ce95]" started-at="2023-04-20T13:09:02 IST" name="launch" finished-at="2023-04-20T13:09:08 IST" duration-ms="5909" status="PASS">
          <reporter-output>
          </reporter-output>
        </test-method> <!-- launch -->
        <test-method signature="TC25()[pri:0, instance:org.test.CustomerListSetup@6b81ce95]" started-at="2023-04-20T13:09:08 IST" name="TC25" finished-at="2023-04-20T13:09:24 IST" duration-ms="15423" status="PASS">
          <reporter-output>
          </reporter-output>
        </test-method> <!-- TC25 -->
        <test-method is-config="true" signature="close()[pri:0, instance:org.test.CustomerListSetup@6b81ce95]" started-at="2023-04-20T13:09:24 IST" name="close" finished-at="2023-04-20T13:09:24 IST" duration-ms="308" status="PASS">
          <reporter-output>
          </reporter-output>
        </test-method> <!-- close -->
        <test-method is-config="true" signature="launch()[pri:0, instance:org.test.CustomerListSetup@6b81ce95]" started-at="2023-04-20T13:09:24 IST" name="launch" finished-at="2023-04-20T13:09:29 IST" duration-ms="4697" status="PASS">
          <reporter-output>
          </reporter-output>
        </test-method> <!-- launch -->
[...]
          </reporter-output>
        </test-method> <!-- close -->
        <test-method is-config="true" signature="launch()[pri:0, instance:org.test.BankSetup@7334aada]" started-at="2023-04-20T12:42:45 IST" name="launch" finished-at="2023-04-20T12:42:51 IST" duration-ms="6206" status="PASS">
          <reporter-output>
          </reporter-output>
        </test-method> <!-- launch -->
        <test-method signature="TC13()[pri:0, instance:org.test.BankSetup@7334aada]" started-at="2023-04-20T12:42:51 IST" name="TC13" finished-at="2023-04-20T12:43:01 IST" duration-ms="10613" status="PASS">
          <reporter-output>
          </reporter-output>
        </test-method> <!-- TC13 -->
        <test-method is-config="true" signature="close()[pri:0, instance:org.test.BankSetup@7334aada]" started-at="2023-04-20T12:43:01 IST" name="close" finished-at="2023-04-20T12:43:02 IST" duration-ms="449" status="PASS">
          <reporter-output>
          </reporter-output>
        </test-method> <!-- close -->
        <test-method is-config="true" signature="launch()[pri:0, instance:org.test.BankSetup@7334aada]" started-at="2023-04-20T12:43:02 IST" name="launch" finished-at="2023-04-20T12:43:07 IST" duration-ms="5059" status="PASS">
          <reporter-output>
          </reporter-output>
        </test-method> <!-- launch -->
        <test-method signature="TC14()[pri:0, instance:org.test.BankSetup@7334aada]" started-at="2023-04-20T12:43:07 IST" name="TC14" finished-at="2023-04-20T12:43:17 IST" duration-ms="10228" status="PASS">
          <reporter-output>
          </reporter-output>
        </test-method> <!-- TC14 -->
        <test-method is-config="true" signature="close()[pri:0, instance:org.test.BankSetup@7334aada]" started-at="2023-04-20T12:43:17 IST" name="close" finished-at="2023-04-20T12:43:18 IST" duration-ms="487" status="PASS">
          <reporter-output>
          </reporter-output>
        </test-method> <!-- close -->
        <test-method is-config="true" signature="launch()[pri:0, instance:org.test.BankSetup@7334aada]" started-at="2023-04-20T12:43:18 IST" name="launch" finished-at="2023-04-20T12:43:23 IST" duration-ms="5211" status="PASS">
          <reporter-output>
          </reporter-output>
        </test-method> <!-- launch -->
        <test-method signature="TC15()[pri:0, instance:org.test.BankSetup@7334aada]" started-at="2023-04-20T12:43:23 IST" name="TC15" finished-at="2023-04-20T12:43:36 IST" duration-ms="12835" status="PASS">
          <reporter-output>
          </reporter-output>
        </test-method> <!-- TC15 -->
        <test-method is-config="true" signature="close()[pri:0, instance:org.test.BankSetup@7334aada]" started-at="2023-04-20T12:43:36 IST" name="close" finished-at="2023-04-20T12:43:36 IST" duration-ms="432" status="PASS">
          <reporter-output>
          </reporter-output>
        </test-method> <!-- close -->
        <test-method is-config="true" signature="launch()[pri:0, instance:org.test.BankSetup@7334aada]" started-at="2023-04-20T12:43:36 IST" name="launch" finished-at="2023-04-20T12:43:41 IST" duration-ms="5263" status="PASS">
          <reporter-output>
          </reporter-output>
        </test-method> <!-- launch -->
        <test-method signature="TC16()[pri:0, instance:org.test.BankSetup@7334aada]" started-at="2023-04-20T12:43:41 IST" name="TC16" finished-at="2023-04-20T12:43:52 IST" duration-ms="10494" status="PASS">
          <reporter-output>
          </reporter-output>
        </test-method> <!-- TC16 -->
        <test-method is-config="true" signature="close()[pri:0, instance:org.test.BankSetup@7334aada]" started-at="2023-04-20T12:43:52 IST" name="close" finished-at="2023-04-20T12:43:52 IST" duration-ms="455" status="PASS">
          <reporter-output>
          </reporter-output>
        </test-method> <!-- close -->
        <test-method is-config="true" signature="launch()[pri:0, instance:org.test.BankSetup@7334aada]" started-at="2023-04-20T12:43:52 IST" name="launch" finished-at="2023-04-20T12:43:58 IST" duration-ms="5552" status="PASS">
          <reporter-output>
          </reporter-output>
        </test-method> <!-- launch -->
        <test-method signature="TC17()[pri:0, instance:org.test.BankSetup@7334aada]" started-at="2023-04-20T12:43:58 IST" name="TC17" finished-at="2023-04-20T12:44:09 IST" duration-ms="11166" status="PASS">
          <reporter-output>
          </reporter-output>
        </test-method> <!-- TC17 -->
        <test-method is-config="true" signature="close()[pri:0, instance:org.test.BankSetup@7334aada]" started-at="2023-04-20T12:44:09 IST" name="close" finished-at="2023-04-20T12:44:09 IST" duration-ms="360" status="PASS">
          <reporter-output>
          </reporter-output>
        </test-method> <!-- close -->
        <test-method is-config="true" signature="launch()[pri:0, instance:org.test.BankSetup@7334aada]" started-at="2023-04-20T12:44:09 IST" name="launch" finished-at="2023-04-20T12:44:15 IST" duration-ms="5801" status="PASS">
          <reporter-output>
          </reporter-output>
        </test-method> <!-- launch -->
        <test-method signature="TC18()[pri:0, instance:org.test.BankSetup@7334aada]" started-at="2023-04-20T12:44:15 IST" name="TC18" finished-at="2023-04-20T12:44:26 IST" duration-ms="10915" status="PASS">
          <reporter-output>
          </reporter-output>
        </test-method> <!-- TC18 -->
        <test-method is-config="true" signature="close()[pri:0, instance:org.test.BankSetup@7334aada]" started-at="2023-04-20T12:44:26 IST" name="close" finished-at="2023-04-20T12:44:27 IST" duration-ms="715" status="PASS">
          <reporter-output>
          </reporter-output>
        </test-method> <!-- close -->
        <test-method is-config="true" signature="launch()[pri:0, instance:org.test.BankSetup@7334aada]" started-at="2023-04-20T12:44:27 IST" name="launch" finished-at="2023-04-20T12:44:32 IST" duration-ms="5078" status="PASS">
          <reporter-output>
          </reporter-output>
        </test-method> <!-- launch -->
        <test-method signature="TC19()[pri:0, instance:org.test.BankSetup@7334aada]" started-at="2023-04-20T12:44:32 IST" name="TC19" finished-at="2023-04-20T12:44:42 IST" duration-ms="9640" status="PASS">
          <reporter-output>
          </reporter-output>
        </test-method> <!-- TC19 -->
        <test-method is-config="true" signature="close()[pri:0, instance:org.test.BankSetup@7334aada]" started-at="2023-04-20T12:44:42 IST" name="close" finished-at="2023-04-20T12:44:42 IST" duration-ms="724" status="PASS">
          <reporter-output>
          </reporter-output>
        </test-method> <!-- close -->
        <test-method is-config="true" signature="launch()[pri:0, instance:org.test.BankSetup@7334aada]" started-at="2023-04-20T12:44:42 IST" name="launch" finished-at="2023-04-20T12:44:48 IST" duration-ms="5920" status="PASS">
          <reporter-output>
          </reporter-output>
        </test-method> <!-- launch -->
        <test-method signature="TC20()[pri:0, instance:org.test.BankSetup@7334aada]" started-at="2023-04-20T12:44:48 IST" name="TC20" finished-at="2023-04-20T12:45:01 IST" duration-ms="12912" status="PASS">
          <reporter-output>
          </reporter-output>
        </test-method> <!-- TC20 -->
        <test-method is-config="true" signature="close()[pri:0, instance:org.test.BankSetup@7334aada]" started-at="2023-04-20T12:45:01 IST" name="close" finished-at="2023-04-20T12:45:02 IST" duration-ms="535" status="PASS">
          <reporter-output>
          </reporter-output>
        </test-method> <!-- close -->
        <test-method is-config="true" signature="launch()[pri:0, instance:org.test.BankSetup@7334aada]" started-at="2023-04-20T12:45:02 IST" name="launch" finished-at="2023-04-20T12:45:07 IST" duration-ms="5531" status="PASS">
          <reporter-output>
          </reporter-output>
        </test-method> <!-- launch -->
        <test-method signature="TC21()[pri:0, instance:org.test.BankSetup@7334aada]" started-at="2023-04-20T12:45:07 IST" name="TC21" finished-at="2023-04-20T12:45:20 IST" duration-ms="12533" status="PASS">
          <reporter-output>
          </reporter-output>
        </test-method> <!-- TC21 -->
        <test-method is-config="true" signature="close()[pri:0, instance:org.test.BankSetup@7334aada]" started-at="2023-04-20T12:45:20 IST" name="close" finished-at="2023-04-20T12:45:20 IST" duration-ms="526" status="PASS">
          <reporter-output>
          </reporter-output>
        </test-method> <!-- close -->
        <test-method is-config="true" signature="launch()[pri:0, instance:org.test.BankSetup@7334aada]" started-at="2023-04-20T12:45:20 IST" name="launch" finished-at="2023-04-20T12:45:26 IST" duration-ms="5843" status="PASS">
          <reporter-output>
          </reporter-output>
        </test-method> <!-- launch -->
        <test-method signature="TC22()[pri:0, instance:org.test.BankSetup@7334aada]" started-at="2023-04-20T12:45:26 IST" name="TC22" finished-at="2023-04-20T12:45:36 IST" duration-ms="9671" status="PASS">
          <reporter-output>
          </reporter-output>
        </test-method> <!-- TC22 -->
        <test-method is-config="true" signature="close()[pri:0, instance:org.test.BankSetup@7334aada]" started-at="2023-04-20T12:45:36 IST" name="close" finished-at="2023-04-20T12:45:36 IST" duration-ms="552" status="PASS">
          <reporter-output>
          </reporter-output>
        </test-method> <!-- close -->
        <test-method is-config="true" signature="launch()[pri:0, instance:org.test.BankSetup@7334aada]" started-at="2023-04-20T12:45:36 IST" name="launch" finished-at="2023-04-20T12:45:42 IST" duration-ms="5707" status="PASS">
          <reporter-output>
          </reporter-output>
        </test-method> <!-- launch -->
        <test-method signature="TC23()[pri:0, instance:org.test.BankSetup@7334aada]" started-at="2023-04-20T12:45:42 IST" name="TC23" finished-at="2023-04-20T12:45:53 IST" duration-ms="10706" status="PASS">
          <reporter-output>
          </reporter-output>
        </test-method> <!-- TC23 -->
        <test-method is-config="true" signature="close()[pri:0, instance:org.test.BankSetup@7334aada]" started-at="2023-04-20T12:45:53 IST" name="close" finished-at="2023-04-20T12:45:53 IST" duration-ms="481" status="PASS">
          <reporter-output>
          </reporter-output>
        </test-method> <!-- close -->
        <test-method is-config="true" signature="launch()[pri:0, instance:org.test.BankSetup@7334aada]" started-at="2023-04-20T12:45:53 IST" name="launch" finished-at="2023-04-20T12:45:59 IST" duration-ms="5458" status="PASS">
          <reporter-output>
          </reporter-output>
        </test-method> <!-- launch -->
        <test-method signature="TC24()[pri:0, instance:org.test.BankSetup@7334aada]" started-at="2023-04-20T12:45:59 IST" name="TC24" finished-at="2023-04-20T12:46:12 IST" duration-ms="13415" status="PASS">
          <reporter-output>
          </reporter-output>
        </test-method> <!-- TC24 -->
        <test-method is-config="true" signature="close()[pri:0, instance:org.test.BankSetup@7334aada]" started-at="2023-04-20T12:46:12 IST" name="close" finished-at="2023-04-20T12:46:13 IST" duration-ms="730" status="PASS">
          <reporter-output>
          </reporter-output>
        </test-method> <!-- close -->
        <test-method is-config="true" signature="launch()[pri:0, instance:org.test.BankSetup@7334aada]" started-at="2023-04-20T12:46:13 IST" name="launch" finished-at="2023-04-20T12:46:18 IST" duration-ms="5531" status="PASS">
          <reporter-output>
          </reporter-output>
        </test-method> <!-- launch -->
        <test-method signature="TC25()[pri:0, instance:org.test.BankSetup@7334aada]" started-at="2023-04-20T12:46:18 IST" name="TC25" finished-at="2023-04-20T12:46:28 IST" duration-ms="9964" status="PASS">
          <reporter-output>
          </reporter-output>
        </test-method> <!-- TC25 -->
        <test-method is-config="true" signature="close()[pri:0, instance:org.test.BankSetup@7334aada]" started-at="2023-04-20T12:46:28 IST" name="close" finished-at="2023-04-20T12:46:29 IST" duration-ms="437" status="PASS">
          <reporter-output>
          </reporter-output>
        </test-method> <!-- close -->
        <test-method is-config="true" signature="launch()[pri:0, instance:org.test.BankSetup@7334aada]" started-at="2023-04-20T12:46:29 IST" name="launch" finished-at="2023-04-20T12:46:34 IST" duration-ms="5427" status="PASS">
          <reporter-output>
          </reporter-output>
        </test-method> <!-- launch -->
        <test-method signature="TC26()[pri:0, instance:org.test.BankSetup@7334aada]" started-at="2023-04-20T12:46:34 IST" name="TC26" finished-at="2023-04-20T12:46:45 IST" duration-ms="10567" status="PASS">
          <reporter-output>
          </reporter-output>
        </test-method> <!-- TC26 -->
        <test-method is-config="true" signature="close()[pri:0, instance:org.test.BankSetup@7334aada]" started-at="2023-04-20T12:46:45 IST" name="close" finished-at="2023-04-20T12:46:45 IST" duration-ms="377" status="PASS">
          <reporter-output>
          </reporter-output>
        </test-method> <!-- close -->
        <test-method is-config="true" signature="launch()[pri:0, instance:org.test.BankSetup@7334aada]" started-at="2023-04-20T12:46:45 IST" name="launch" finished-at="2023-04-20T12:46:50 IST" duration-ms="5197" status="PASS">
          <reporter-output>
          </reporter-output>
        </test-method> <!-- launch -->
        <test-method signature="TC27()[pri:0, instance:org.test.BankSetup@7334aada]" started-at="2023-04-20T12:46:50 IST" name="TC27" finished-at="2023-04-20T12:47:00 IST" duration-ms="9740" status="PASS">
          <reporter-output>
          </reporter-output>
        </test-method> <!-- TC27 -->
        <test-method is-config="true" signature="close()[pri:0, instance:org.test.BankSetup@7334aada]" started-at="2023-04-20T12:47:00 IST" name="close" finished-at="2023-04-20T12:47:01 IST" duration-ms="488" status="PASS">
          <reporter-output>
          </reporter-output>
        </test-method> <!-- close -->
        <test-method is-config="true" signature="launch()[pri:0, instance:org.test.BankSetup@7334aada]" started-at="2023-04-20T12:47:01 IST" name="launch" finished-at="2023-04-20T12:47:06 IST" duration-ms="5471" status="PASS">
          <reporter-output>
          </reporter-output>
        </test-method> <!-- launch -->
        <test-method signature="TC28()[pri:0, instance:org.test.BankSetup@7334aada]" started-at="2023-04-20T12:47:06 IST" name="TC28" finished-at="2023-04-20T12:47:15 IST" duration-ms="9418" status="PASS">
          <reporter-output>
          </reporter-output>
        </test-method> <!-- TC28 -->
        <test-method is-config="true" signature="close()[pri:0, instance:org.test.BankSetup@7334aada]" started-at="2023-04-20T12:47:15 IST" name="close" finished-at="2023-04-20T12:47:16 IST" duration-ms="421" status="PASS">
          <reporter-output>
          </reporter-output>
        </test-method> <!-- close -->
        <test-method is-config="true" signature="launch()[pri:0, instance:org.test.BankSetup@7334aada]" started-at="2023-04-20T12:47:16 IST" name="launch" finished-at="2023-04-20T12:47:21 IST" duration-ms="5243" status="PASS">
          <reporter-output>
          </reporter-output>
        </test-method> <!-- launch -->
        <test-method signature="TC29()[pri:0, instance:org.test.BankSetup@7334aada]" started-at="2023-04-20T12:47:21 IST" name="TC29" finished-at="2023-04-20T12:47:33 IST" duration-ms="12396" status="PASS">
          <reporter-output>
          </reporter-output>
        </test-method> <!-- TC29 -->
        <test-method is-config="true" signature="close()[pri:0, instance:org.test.BankSetup@7334aada]" started-at="2023-04-20T12:47:33 IST" name="close" finished-at="2023-04-20T12:47:34 IST" duration-ms="335" status="PASS">
          <reporter-output>
          </reporter-output>
        </test-method> <!-- close -->
        <test-method is-config="true" signature="launch()[pri:0, instance:org.test.BankSetup@7334aada]" started-at="2023-04-20T12:47:34 IST" name="launch" finished-at="2023-04-20T12:47:39 IST" duration-ms="5156" status="PASS">
          <reporter-output>
          </reporter-output>
        </test-method> <!-- launch -->
        <test-method signature="TC30()[pri:0, instance:org.test.BankSetup@7334aada]" started-at="2023-04-20T12:47:39 IST" name="TC30" finished-at="2023-04-20T12:47:53 IST" duration-ms="14410" status="PASS">
          <reporter-output>
          </reporter-output>
        </test-method> <!-- TC30 -->
        <test-method is-config="true" signature="close()[pri:0, instance:org.test.BankSetup@7334aada]" started-at="2023-04-20T12:47:53 IST" name="close" finished-at="2023-04-20T12:47:54 IST" duration-ms="603" status="PASS">
          <reporter-output>
          </reporter-output>
        </test-method> <!-- close -->
        <test-method is-config="true" signature="launch()[pri:0, instance:org.test.BankSetup@7334aada]" started-at="2023-04-20T12:47:54 IST" name="launch" finished-at="2023-04-20T12:48:04 IST" duration-ms="10380" status="PASS">
          <reporter-output>
          </reporter-output>
        </test-method> <!-- launch -->
        <test-method signature="TC31()[pri:0, instance:org.test.BankSetup@7334aada]" started-at="2023-04-20T12:48:04 IST" name="TC31" finished-at="2023-04-20T12:48:14 IST" duration-ms="10078" status="PASS">
          <reporter-output>
          </reporter-output>
        </test-method> <!-- TC31 -->
        <test-method is-config="true" signature="close()[pri:0, instance:org.test.BankSetup@7334aada]" started-at="2023-04-20T12:48:14 IST" name="close" finished-at="2023-04-20T12:48:15 IST" duration-ms="454" status="PASS">
          <reporter-output>
          </reporter-output>
        </test-method> <!-- close -->
        <test-method is-config="true" signature="launch()[pri:0, instance:org.test.BankSetup@7334aada]" started-at="2023-04-20T12:48:15 IST" name="launch" finished-at="2023-04-20T12:48:21 IST" duration-ms="6354" status="PASS">
          <reporter-output>
          </reporter-output>
        </test-method> <!-- launch -->
        <test-method signature="TC32()[pri:0, instance:org.test.BankSetup@7334aada]" started-at="2023-04-20T12:48:21 IST" name="TC32" finished-at="2023-04-20T12:48:31 IST" duration-ms="9826" status="PASS">
          <reporter-output>
          </reporter-output>
        </test-method> <!-- TC32 -->
        <test-method is-config="true" signature="close()[pri:0, instance:org.test.BankSetup@7334aada]" started-at="2023-04-20T12:48:31 IST" name="close" finished-at="2023-04-20T12:48:32 IST" duration-ms="550" status="PASS">
          <reporter-output>
          </reporter-output>
        </test-method> <!-- close -->
        <test-method is-config="true" signature="launch()[pri:0, instance:org.test.BankSetup@7334aada]" started-at="2023-04-20T12:48:32 IST" name="launch" finished-at="2023-04-20T12:48:37 IST" duration-ms="5497" status="PASS">
          <reporter-output>
          </reporter-output>
        </test-method> <!-- launch -->
        <test-method signature="TC33()[pri:0, instance:org.test.BankSetup@7334aada]" started-at="2023-04-20T12:48:37 IST" name="TC33" finished-at="2023-04-20T12:48:47 IST" duration-ms="10006" status="PASS">
          <reporter-output>
          </reporter-output>
        </test-method> <!-- TC33 -->
        <test-method is-config="true" signature="close()[pri:0, instance:org.test.BankSetup@7334aada]" started-at="2023-04-20T12:48:47 IST" name="close" finished-at="2023-04-20T12:48:48 IST" duration-ms="800" status="PASS">
          <reporter-output>
          </reporter-output>
        </test-method> <!-- close -->
      </class> <!-- org.test.BankSetup -->
    </test> <!--  CGI Parallel test -->
  </suite> <!-- CGI -->
</testng-results>
